250
2 0 1
2 0 1
2 0 1
2 0 1
2 0 1
2 0 1
2 0 1
2 0 1
2 0 1
2 0 1
2 0 1
2 0 1
2 0 1
2 0 1
2 0 1
2 0 1
2 0 1
2 0 1
2 0 1
2 0 1
2 0 1
2 0 1
2 0 1
2 0 1
2 0 1
2 0 1
2 0 1
2 0 1
2 0 1
2 0 1
2 0 1
2 0 1
2 0 1
2 0 1
2 0 1
2 0 1
2 0 1
2 0 1
2 0 1
2 0 1
2 0 1
2 0 1
2 0 1
2 0 1
2 0 1
2 0 1
2 0 1
2 0 1
2 0 1
2 0 1
2 0 1
2 0 1
2 0 1
2 0 1
2 0 1
2 0 1
2 0 1
2 0 1
2 0 1
2 0 1
2 0 1
2 0 1
2 0 1
2 0 1
2 0 1
2 0 1
2 0 1
2 0 1
2 0 1
2 0 1
2 0 1
2 0 1
2 0 1
2 0 1
2 0 1
2 0 1
2 0 1
2 0 1
2 0 1
2 0 1
2 0 1
2 0 1
2 0 1
2 0 1
2 0 1
2 0 1
2 0 1
2 0 1
2 0 1
2 0 1
2 0 1
2 0 1
2 0 1
2 0 1
2 0 1
2 0 1
2 0 1
2 0 1
2 0 1
2 0 1
2 0 1
2 0 1
2 0 1
2 0 1
2 0 1
2 0 1
2 0 1
2 0 1
2 0 1
2 0 1
2 0 1
2 0 1
2 0 1
2 0 1
2 0 1
2 0 1
2 0 1
2 0 1
2 0 1
2 0 1
2 0 1
2 0 1
2 0 1
2 0 1
2 0 1
2 0 1
2 0 1
2 0 1
2 0 1
2 0 1
2 0 1
2 0 1
2 0 1
2 0 1
2 0 1
2 0 1
2 0 1
2 0 1
2 0 1
2 0 1
2 0 1
2 0 1
2 0 1
2 0 1
2 0 1
2 0 1
2 0 1
2 0 1
2 0 1
2 0 1
2 0 1
2 0 1
2 0 1
2 0 1
2 0 1
2 0 1
2 0 1
2 0 1
2 0 1
2 0 1
2 0 1
2 0 1
2 0 1
2 0 1
2 0 1
2 0 1
2 0 1
2 0 1
2 0 1
2 0 1
2 0 1
2 0 1
2 0 1
2 0 1
2 0 1
2 0 1
2 0 1
2 0 1
2 0 1
2 0 1
2 0 1
2 0 1
2 0 1
2 0 1
2 0 1
2 0 1
2 0 1
2 0 1
2 0 1
2 0 1
2 0 1
2 0 1
2 0 1
2 0 1
2 0 1
2 0 1
2 0 1
2 0 1
2 0 1
2 0 1
2 0 1
2 0 1
2 0 1
2 0 1
2 0 1
2 0 1
2 0 1
2 0 1
2 0 1
2 0 1
2 0 1
2 0 1
2 0 1
2 0 1
2 0 1
2 0 1
2 0 1
2 0 1
2 0 1
2 0 1
2 0 1
2 0 1
2 0 1
2 0 1
2 0 1
2 0 1
2 0 1
2 0 1
2 0 1
2 0 1
2 0 1
2 0 1
2 0 1
2 0 1
2 0 1
2 0 1
2 0 1
2 0 1
2 0 1
2 0 1
2 0 1
2 0 1
2 0 1
2 0 1
2 0 1
2 0 1
2 0 1
2 0 1
2 0 1
2 0 1
1065
V
3 159 234 197
7 0 0 0 0 0 1 0 1 0 0 1 1 1 0 0 1 0 1 1 1 1
V
3 71 13 194
7 0 0 0 0 0 1 0 1 0 0 1 1 1 0 1 1 1 0 1 1 1
V
3 45 218 38
7 0 0 0 0 0 1 0 1 1 1 0 0 1 0 1 1 1 0 1 1 1
V
3 191 129 88
7 0 0 0 0 0 1 0 1 0 1 0 0 1 0 1 1 1 0 1 1 1
V
3 117 164 29
7 0 0 0 0 0 1 0 1 0 1 0 0 1 0 1 1 1 0 1 1 1
V
3 107 53 115
7 0 0 1 0 1 0 0 1 1 1 0 0 1 0 1 1 1 0 1 1 1
V
3 167 111 57
7 0 0 0 0 1 0 0 1 1 1 0 0 1 0 1 1 1 0 1 1 1
V
3 115 94 98
7 0 0 0 0 0 1 0 1 0 0 1 1 1 0 1 1 1 0 1 1 1
V
3 25 51 165
7 0 0 0 0 0 1 0 1 0 1 0 0 1 0 1 1 1 0 1 1 1
V
3 247 31 64
7 0 0 0 0 1 0 0 1 1 1 0 0 1 0 1 1 1 0 1 1 1
V
3 156 228 11
7 0 0 1 0 1 0 0 1 1 1 0 0 1 0 1 1 1 0 1 1 1
V
3 64 199 162
7 0 0 0 0 1 0 0 1 1 1 0 0 1 0 1 1 1 0 1 1 1
V
3 1 173 54
7 0 0 0 0 1 0 0 1 1 1 0 0 1 0 1 1 1 0 1 1 1
V
3 136 98 215
7 0 0 0 0 0 1 0 1 0 1 0 0 1 0 1 1 1 0 1 1 1
V
3 201 206 159
7 0 0 0 0 0 1 0 1 1 1 0 0 1 0 1 1 1 0 1 1 1
V
3 223 137 7
7 0 0 0 0 0 1 0 1 0 0 1 1 1 0 0 1 0 1 1 1 1
V
3 34 220 236
7 0 0 0 0 0 1 0 1 0 0 1 1 1 0 1 1 1 0 1 1 1
V
3 155 92 217
7 0 0 0 0 0 1 0 1 0 0 1 1 1 0 0 1 0 1 1 1 1
V
3 122 76 138
7 0 0 0 0 0 1 0 1 1 1 0 0 1 0 1 1 1 0 1 1 1
V
3 214 76 54
7 0 0 1 0 1 0 0 1 1 1 0 0 1 0 1 1 1 0 1 1 1
V
3 151 63 170
7 0 0 0 0 0 1 0 1 0 0 1 1 1 0 1 1 1 0 1 1 1
V
3 195 80 46
7 0 0 0 0 0 1 0 1 0 0 1 1 1 0 0 1 1 0 1 1 1
V
3 225 180 227
7 0 0 0 0 0 1 0 1 0 0 1 1 1 0 0 1 0 1 1 1 0
V
3 232 9 242
7 0 0 1 0 1 0 0 1 1 1 0 0 1 0 1 1 1 0 1 1 1
V
3 217 58 192
7 0 0 0 0 0 1 0 1 1 1 0 0 1 0 1 1 1 0 1 1 1
V
3 54 81 94
7 0 0 0 0 0 1 0 1 0 0 1 1 1 0 0 1 0 1 1 1 0
V
3 50 183 219
7 0 0 0 0 1 0 0 1 1 1 0 0 1 0 1 1 1 0 1 1 1
V
3 230 89 172
7 0 0 0 0 0 1 0 1 0 0 1 1 1 0 1 1 1 0 1 1 1
V
3 123 11 67
7 0 0 0 0 0 1 0 1 0 1 0 0 1 0 1 1 1 0 1 1 1
V
3 231 96 219
7 0 0 0 0 0 1 0 1 0 0 1 1 1 0 0 1 1 0 1 1 1
V
3 205 169 229
7 0 0 0 0 0 1 0 1 0 1 0 0 1 0 1 1 1 0 1 1 1
V
3 188 192 149
7 0 0 0 0 0 1 0 1 0 0 1 1 1 0 1 1 1 0 1 1 1
V
3 148 16 101
7 0 0 0 0 0 1 0 1 0 1 0 0 1 0 1 1 1 0 1 1 1
V
3 128 95 140
7 0 0 0 0 0 1 0 1 0 0 1 1 1 0 0 1 0 1 1 1 1
V
3 105 191 116
7 0 0 0 0 1 0 0 1 1 1 0 0 1 0 1 1 1 0 1 1 1
V
3 222 68 150
7 0 0 0 0 0 1 0 1 0 0 1 1 1 0 1 1 1 0 1 1 1
V
3 167 54 233
7 0 0 0 0 0 1 0 1 1 1 0 0 1 0 1 1 1 0 1 1 1
V
3 78 107 33
7 0 0 0 0 0 1 0 1 0 0 1 1 1 0 0 1 0 1 1 1 1
V
3 58 53 100
7 0 0 0 0 0 1 0 1 0 0 1 1 1 0 0 1 0 1 1 1 1
V
3 217 102 249
7 0 0 0 0 0 1 0 1 1 1 0 0 1 0 1 1 1 0 1 1 1
V
3 63 147 180
7 0 0 0 0 0 1 0 1 0 0 1 1 1 0 1 1 1 0 1 1 1
V
3 3 14 100
7 0 0 0 0 0 1 0 1 0 0 1 1 1 0 1 1 1 0 1 1 1
V
3 2 156 166
7 0 0 1 0 1 0 0 1 1 1 0 0 1 0 1 1 1 0 1 1 1
V
3 40 142 144
7 0 0 0 0 0 1 0 1 0 0 1 1 1 0 0 1 1 0 1 1 1
V
3 198 56 242
7 0 0 0 0 0 1 0 1 0 0 1 1 1 0 0 1 0 1 1 1 0
V
3 58 200 63
7 0 0 0 0 0 1 0 1 0 0 1 1 1 0 0 1 0 1 1 1 0
V
3 34 163 173
7 0 0 0 0 0 1 0 1 0 0 1 1 1 0 0 1 0 1 1 1 1
V
3 192 149 157
7 0 0 0 0 0 1 0 1 0 1 0 0 1 0 1 1 1 0 1 1 1
V
3 198 224 132
7 0 0 0 0 1 0 0 1 1 1 0 0 1 0 1 1 1 0 1 1 1
V
3 232 60 26
7 0 0 0 0 0 1 0 1 0 0 1 1 1 0 0 1 1 0 1 1 1
V
3 140 63 112
7 0 0 0 0 0 1 0 1 0 0 1 1 1 0 1 1 1 0 1 1 1
V
3 112 83 185
7 0 0 0 0 0 1 0 1 1 1 0 0 1 0 1 1 1 0 1 1 1
V
3 36 157 230
7 0 0 0 0 0 1 0 1 0 0 1 1 1 0 0 1 1 0 1 1 1
V
3 183 212 137
7 0 0 0 0 1 0 0 1 1 1 0 0 1 0 1 1 1 0 1 1 1
V
3 35 58 60
7 0 0 0 0 1 0 0 1 1 1 0 0 1 0 1 1 1 0 1 1 1
V
3 149 126 85
7 0 0 0 0 0 1 0 1 1 1 0 0 1 0 1 1 1 0 1 1 1
V
3 213 8 41
7 0 0 0 0 0 1 0 1 0 0 1 1 1 0 0 1 0 1 1 1 1
V
3 32 131 102
7 0 0 0 0 0 1 0 1 0 0 1 1 1 0 0 1 0 1 1 1 1
V
3 156 105 152
7 0 0 0 0 0 1 0 1 0 0 1 1 1 0 0 1 0 1 1 1 0
V
3 5 193 208
7 0 0 0 0 0 1 0 1 1 1 0 0 1 0 1 1 1 0 1 1 1
V
3 38 100 146
7 0 0 0 0 0 1 0 1 1 1 0 0 1 0 1 1 1 0 1 1 1
V
3 228 163 79
7 0 0 0 0 0 1 0 1 1 1 0 0 1 0 1 1 1 0 1 1 1
V
3 140 192 183
7 0 0 0 0 0 1 0 1 0 0 1 1 1 0 0 1 0 1 1 1 1
V
3 6 71 181
7 0 0 0 0 0 1 0 1 0 0 1 1 1 0 1 1 1 0 1 1 1
V
3 58 46 32
7 0 0 0 0 1 0 0 1 1 1 0 0 1 0 1 1 1 0 1 1 1
V
3 37 148 83
7 0 0 0 0 0 1 0 1 0 0 1 1 1 0 1 1 1 0 1 1 1
V
3 3 246 196
7 0 0 1 0 1 0 0 1 1 1 0 0 1 0 1 1 1 0 1 1 1
V
3 134 153 47
7 0 0 0 0 0 1 0 1 0 1 0 0 1 0 1 1 1 0 1 1 1
V
3 142 149 32
7 0 0 1 0 1 0 0 1 1 1 0 0 1 0 1 1 1 0 1 1 1
V
3 161 114 119
7 0 0 0 0 0 1 0 1 0 0 1 1 1 0 0 1 0 1 1 1 0
V
3 175 166 127
7 0 0 0 0 1 0 0 1 1 1 0 0 1 0 1 1 1 0 1 1 1
V
3 41 100 141
7 0 0 0 0 0 1 0 1 0 0 1 1 1 0 0 1 0 1 1 1 0
V
3 91 65 57
7 0 0 0 0 0 1 0 1 0 0 1 1 1 0 0 1 0 1 1 1 0
V
3 99 21 131
7 0 0 0 0 0 1 0 1 0 1 0 0 1 0 1 1 1 0 1 1 1
V
3 4 19 72
7 0 0 0 0 0 1 0 1 0 0 1 1 1 0 0 1 0 1 1 1 1
V
3 120 64 178
7 0 0 0 0 0 1 0 1 0 0 1 1 1 0 0 1 0 1 1 1 1
V
3 168 11 214
7 0 0 0 0 0 1 0 1 0 0 1 1 1 0 0 1 0 1 1 1 1
V
3 244 6 175
7 0 0 0 0 0 1 0 1 0 0 1 1 1 0 0 1 0 1 1 1 1
V
3 230 157 223
7 0 0 0 0 0 1 0 1 0 1 0 0 1 0 1 1 1 0 1 1 1
V
3 64 3 146
7 0 0 0 0 0 1 0 1 0 0 1 1 1 0 0 1 0 1 1 1 1
V
3 187 68 107
7 0 0 0 0 0 1 0 1 1 1 0 0 1 0 1 1 1 0 1 1 1
V
3 187 112 28
7 0 0 0 0 0 1 0 1 0 0 1 1 1 0 0 1 1 0 1 1 1
V
3 17 9 225
7 0 0 0 0 0 1 0 1 0 0 1 1 1 0 0 1 0 1 1 1 1
V
3 65 120 18
7 0 0 0 0 0 1 0 1 1 1 0 0 1 0 1 1 1 0 1 1 1
V
3 165 44 19
7 0 0 0 0 0 1 0 1 0 1 0 0 1 0 1 1 1 0 1 1 1
V
3 103 116 34
7 0 0 0 0 0 1 0 1 0 0 1 1 1 0 0 1 0 1 1 1 0
V
3 227 166 91
7 0 0 1 0 1 0 0 1 1 1 0 0 1 0 1 1 1 0 1 1 1
V
3 223 82 115
7 0 0 0 0 0 1 0 1 0 0 1 1 1 0 1 1 1 0 1 1 1
V
3 58 88 125
7 0 0 1 0 1 0 0 1 1 1 0 0 1 0 1 1 1 0 1 1 1
V
3 92 40 148
7 0 0 1 0 1 0 0 1 1 1 0 0 1 0 1 1 1 0 1 1 1
V
3 77 202 193
7 0 0 0 0 0 1 0 1 0 1 0 0 1 0 1 1 1 0 1 1 1
V
3 89 138 88
7 0 0 0 0 0 1 0 1 0 0 1 1 1 0 0 1 0 1 1 1 0
V
3 35 114 235
7 0 0 0 0 0 1 0 1 0 0 1 1 1 0 1 1 1 0 1 1 1
V
3 153 119 95
7 0 0 0 0 0 1 0 1 0 1 0 0 1 0 1 1 1 0 1 1 1
V
3 132 35 9
7 0 0 0 0 0 1 0 1 1 1 0 0 1 0 1 1 1 0 1 1 1
V
3 107 221 60
7 0 0 0 0 1 0 0 1 1 1 0 0 1 0 1 1 1 0 1 1 1
V
3 222 170 109
7 0 0 0 0 1 0 0 1 1 1 0 0 1 0 1 1 1 0 1 1 1
V
3 213 133 114
7 0 0 0 0 0 1 0 1 0 0 1 1 1 0 0 1 1 0 1 1 1
V
3 204 185 43
7 0 0 0 0 0 1 0 1 0 1 0 0 1 0 1 1 1 0 1 1 1
V
3 17 93 20
7 0 0 0 0 1 0 0 1 1 1 0 0 1 0 1 1 1 0 1 1 1
V
3 132 229 135
7 0 0 0 0 0 1 0 1 0 0 1 1 1 0 0 1 1 0 1 1 1
V
3 162 250 136
7 0 0 0 0 1 0 0 1 1 1 0 0 1 0 1 1 1 0 1 1 1
V
3 20 22 117
7 0 0 0 0 0 1 0 1 0 0 1 1 1 0 0 1 0 1 1 1 0
V
3 57 171 83
7 0 0 0 0 0 1 0 1 1 1 0 0 1 0 1 1 1 0 1 1 1
V
3 85 234 137
7 0 0 1 0 1 0 0 1 1 1 0 0 1 0 1 1 1 0 1 1 1
V
3 19 140 238
7 0 0 0 0 0 1 0 1 0 0 1 1 1 0 1 1 1 0 1 1 1
V
3 119 243 16
7 0 0 1 0 1 0 0 1 1 1 0 0 1 0 1 1 1 0 1 1 1
V
3 239 32 97
7 0 0 0 0 0 1 0 1 1 1 0 0 1 0 1 1 1 0 1 1 1
V
3 4 220 235
7 0 0 0 0 1 0 0 1 1 1 0 0 1 0 1 1 1 0 1 1 1
V
3 131 154 186
7 0 0 0 0 1 0 0 1 1 1 0 0 1 0 1 1 1 0 1 1 1
V
3 27 26 85
7 0 0 0 0 0 1 0 1 0 1 0 0 1 0 1 1 1 0 1 1 1
V
3 31 47 157
7 0 0 0 0 1 0 0 1 1 1 0 0 1 0 1 1 1 0 1 1 1
V
3 121 39 200
7 0 0 0 0 0 1 0 1 0 0 1 1 1 0 0 1 0 1 1 1 1
V
3 31 148 84
7 0 0 0 0 0 1 0 1 0 1 0 0 1 0 1 1 1 0 1 1 1
V
3 217 115 55
7 0 0 0 0 0 1 0 1 0 0 1 1 1 0 0 1 0 1 1 1 1
V
3 97 158 88
7 0 0 0 0 0 1 0 1 0 0 1 1 1 0 0 1 0 1 1 1 1
V
3 96 203 62
7 0 0 0 0 0 1 0 1 1 1 0 0 1 0 1 1 1 0 1 1 1
V
3 171 119 152
7 0 0 1 0 1 0 0 1 1 1 0 0 1 0 1 1 1 0 1 1 1
V
3 234 116 194
7 0 0 0 0 0 1 0 1 0 1 0 0 1 0 1 1 1 0 1 1 1
V
3 219 97 42
7 0 0 0 0 0 1 0 1 0 1 0 0 1 0 1 1 1 0 1 1 1
V
3 85 96 81
7 0 0 0 0 0 1 0 1 0 0 1 1 1 0 1 1 1 0 1 1 1
V
3 188 121 205
7 0 0 0 0 0 1 0 1 0 0 1 1 1 0 0 1 1 0 1 1 1
V
3 112 44 72
7 0 0 0 0 0 1 0 1 0 1 0 0 1 0 1 1 1 0 1 1 1
V
3 60 147 23
7 0 0 0 0 0 1 0 1 0 1 0 0 1 0 1 1 1 0 1 1 1
V
3 180 182 249
7 0 0 0 0 0 1 0 1 0 0 1 1 1 0 0 1 0 1 1 1 0
V
3 144 40 93
7 0 0 0 0 0 1 0 1 0 0 1 1 1 0 0 1 0 1 1 1 1
V
3 227 149 239
7 0 0 0 0 0 1 0 1 0 0 1 1 1 0 0 1 0 1 1 1 1
V
3 135 10 155
7 0 0 0 0 0 1 0 1 0 0 1 1 1 0 1 1 1 0 1 1 1
V
3 113 83 215
7 0 0 0 0 0 1 0 1 0 0 1 1 1 0 0 1 1 0 1 1 1
V
3 38 15 110
7 0 0 0 0 0 1 0 1 1 1 0 0 1 0 1 1 1 0 1 1 1
V
3 34 130 105
7 0 0 0 0 0 1 0 1 0 0 1 1 1 0 1 1 1 0 1 1 1
V
3 245 81 215
7 0 0 0 0 0 1 0 1 0 0 1 1 1 0 1 1 1 0 1 1 1
V
3 95 147 122
7 0 0 0 0 0 1 0 1 0 0 1 1 1 0 0 1 1 0 1 1 1
V
3 67 216 228
7 0 0 1 0 1 0 0 1 1 1 0 0 1 0 1 1 1 0 1 1 1
V
3 210 138 77
7 0 0 0 0 0 1 0 1 1 1 0 0 1 0 1 1 1 0 1 1 1
V
3 134 208 192
7 0 0 0 0 0 1 0 1 0 0 1 1 1 0 1 1 1 0 1 1 1
V
3 54 78 126
7 0 0 0 0 1 0 0 1 1 1 0 0 1 0 1 1 1 0 1 1 1
V
3 130 156 34
7 0 0 0 0 0 1 0 1 0 1 0 0 1 0 1 1 1 0 1 1 1
V
3 147 221 102
7 0 0 0 0 1 0 0 1 1 1 0 0 1 0 1 1 1 0 1 1 1
V
3 187 212 90
7 0 0 1 0 1 0 0 1 1 1 0 0 1 0 1 1 1 0 1 1 1
V
3 76 165 220
7 0 0 0 0 0 1 0 1 1 1 0 0 1 0 1 1 1 0 1 1 1
V
3 63 206 131
7 0 0 0 0 0 1 0 1 0 0 1 1 1 0 0 1 0 1 1 1 0
V
3 74 104 98
7 0 0 1 0 1 0 0 1 1 1 0 0 1 0 1 1 1 0 1 1 1
V
3 244 2 222
7 0 0 0 0 0 1 0 1 0 1 0 0 1 0 1 1 1 0 1 1 1
V
3 47 63 186
7 0 0 0 0 0 1 0 1 0 0 1 1 1 0 0 1 1 0 1 1 1
V
3 149 151 131
7 0 0 0 0 0 1 0 1 1 1 0 0 1 0 1 1 1 0 1 1 1
V
3 171 231 240
7 0 0 0 0 0 1 0 1 0 1 0 0 1 0 1 1 1 0 1 1 1
V
3 244 242 67
7 0 0 0 0 1 0 0 1 1 1 0 0 1 0 1 1 1 0 1 1 1
V
3 92 93 174
7 0 0 0 0 0 1 0 1 1 1 0 0 1 0 1 1 1 0 1 1 1
V
3 38 234 112
7 0 0 0 0 0 1 0 1 0 0 1 1 1 0 0 1 1 0 1 1 1
V
3 189 17 88
7 0 0 0 0 0 1 0 1 1 1 0 0 1 0 1 1 1 0 1 1 1
V
3 103 56 237
7 0 0 0 0 1 0 0 1 1 1 0 0 1 0 1 1 1 0 1 1 1
V
3 55 102 145
7 0 0 0 0 0 1 0 1 0 1 0 0 1 0 1 1 1 0 1 1 1
V
3 43 34 86
7 0 0 0 0 0 1 0 1 0 0 1 1 1 0 1 1 1 0 1 1 1
V
3 17 136 6
7 0 0 0 0 0 1 0 1 0 0 1 1 1 0 1 1 1 0 1 1 1
V
3 66 47 142
7 0 0 0 0 0 1 0 1 0 0 1 1 1 0 1 1 1 0 1 1 1
V
3 160 218 82
7 0 0 0 0 0 1 0 1 0 0 1 1 1 0 0 1 1 0 1 1 1
V
3 49 114 40
7 0 0 0 0 0 1 0 1 0 0 1 1 1 0 0 1 0 1 1 1 0
V
3 187 27 16
7 0 0 0 0 0 1 0 1 1 1 0 0 1 0 1 1 1 0 1 1 1
V
3 44 11 248
7 0 0 0 0 0 1 0 1 1 1 0 0 1 0 1 1 1 0 1 1 1
V
3 174 204 152
7 0 0 1 0 1 0 0 1 1 1 0 0 1 0 1 1 1 0 1 1 1
V
3 91 16 236
7 0 0 0 0 0 1 0 1 0 0 1 1 1 0 0 1 0 1 1 1 1
V
3 111 210 158
7 0 0 0 0 0 1 0 1 0 0 1 1 1 0 0 1 0 1 1 1 0
V
3 132 90 169
7 0 0 0 0 0 1 0 1 0 0 1 1 1 0 0 1 1 0 1 1 1
V
3 9 156 173
7 0 0 0 0 0 1 0 1 1 1 0 0 1 0 1 1 1 0 1 1 1
V
3 112 129 15
7 0 0 0 0 0 1 0 1 1 1 0 0 1 0 1 1 1 0 1 1 1
V
3 31 34 137
7 0 0 0 0 0 1 0 1 1 1 0 0 1 0 1 1 1 0 1 1 1
V
3 61 66 8
7 0 0 0 0 0 1 0 1 0 0 1 1 1 0 0 1 0 1 1 1 0
V
3 110 97 1
7 0 0 0 0 0 1 0 1 1 1 0 0 1 0 1 1 1 0 1 1 1
V
3 191 2 18
7 0 0 0 0 1 0 0 1 1 1 0 0 1 0 1 1 1 0 1 1 1
V
3 174 121 101
7 0 0 0 0 0 1 0 1 0 0 1 1 1 0 0 1 0 1 1 1 1
V
3 59 166 78
7 0 0 0 0 0 1 0 1 0 0 1 1 1 0 0 1 0 1 1 1 1
V
3 243 242 99
7 0 0 0 0 0 1 0 1 1 1 0 0 1 0 1 1 1 0 1 1 1
V
3 162 69 163
7 0 0 0 0 0 1 0 1 1 1 0 0 1 0 1 1 1 0 1 1 1
V
3 37 157 43
7 0 0 0 0 0 1 0 1 0 0 1 1 1 0 0 1 0 1 1 1 1
V
3 73 36 116
7 0 0 0 0 0 1 0 1 0 1 0 0 1 0 1 1 1 0 1 1 1
V
3 70 85 237
7 0 0 1 0 1 0 0 1 1 1 0 0 1 0 1 1 1 0 1 1 1
V
3 8 119 216
7 0 0 0 0 0 1 0 1 0 0 1 1 1 0 0 1 0 1 1 1 1
V
3 95 83 131
7 0 0 0 0 0 1 0 1 0 0 1 1 1 0 0 1 1 0 1 1 1
V
3 155 150 67
7 0 0 0 0 0 1 0 1 0 1 0 0 1 0 1 1 1 0 1 1 1
V
3 105 30 150
7 0 0 0 0 0 1 0 1 0 1 0 0 1 0 1 1 1 0 1 1 1
V
3 109 177 233
7 0 0 0 0 0 1 0 1 0 1 0 0 1 0 1 1 1 0 1 1 1
V
3 132 65 249
7 0 0 0 0 0 1 0 1 0 1 0 0 1 0 1 1 1 0 1 1 1
V
3 132 93 1
7 0 0 1 0 1 0 0 1 1 1 0 0 1 0 1 1 1 0 1 1 1
V
3 179 245 8
7 0 0 0 0 0 1 0 1 0 0 1 1 1 0 0 1 1 0 1 1 1
V
3 133 169 202
7 0 0 0 0 0 1 0 1 0 1 0 0 1 0 1 1 1 0 1 1 1
V
3 2 51 67
7 0 0 0 0 0 1 0 1 0 0 1 1 1 0 0 1 0 1 1 1 1
V
3 225 57 78
7 0 0 0 0 0 1 0 1 0 0 1 1 1 0 0 1 0 1 1 1 1
V
3 141 36 169
7 0 0 0 0 0 1 0 1 0 0 1 1 1 0 1 1 1 0 1 1 1
V
3 249 225 4
7 0 0 0 0 0 1 0 1 1 1 0 0 1 0 1 1 1 0 1 1 1
V
3 179 102 236
7 0 0 0 0 0 1 0 1 0 0 1 1 1 0 0 1 0 1 1 1 0
V
3 21 136 228
7 0 0 0 0 1 0 0 1 1 1 0 0 1 0 1 1 1 0 1 1 1
V
3 101 94 209
7 0 0 0 0 0 1 0 1 0 0 1 1 1 0 1 1 1 0 1 1 1
V
3 5 207 148
7 0 0 0 0 0 1 0 1 0 0 1 1 1 0 0 1 1 0 1 1 1
V
3 181 97 169
7 0 0 0 0 0 1 0 1 0 0 1 1 1 0 0 1 1 0 1 1 1
V
3 2 31 239
7 0 0 0 0 0 1 0 1 0 0 1 1 1 0 0 1 0 1 1 1 1
V
3 163 181 8
7 0 0 0 0 0 1 0 1 0 0 1 1 1 0 0 1 1 0 1 1 1
V
3 43 119 221
7 0 0 1 0 1 0 0 1 1 1 0 0 1 0 1 1 1 0 1 1 1
V
3 115 52 243
7 0 0 0 0 0 1 0 1 1 1 0 0 1 0 1 1 1 0 1 1 1
V
3 207 154 187
7 0 0 1 0 1 0 0 1 1 1 0 0 1 0 1 1 1 0 1 1 1
V
3 12 90 70
7 0 0 0 0 0 1 0 1 0 0 1 1 1 0 0 1 1 0 1 1 1
V
3 123 239 161
7 0 0 0 0 0 1 0 1 0 0 1 1 1 0 0 1 0 1 1 1 0
V
3 7 172 48
7 0 0 0 0 0 1 0 1 0 0 1 1 1 0 0 1 0 1 1 1 1
V
3 13 38 146
7 0 0 1 0 1 0 0 1 1 1 0 0 1 0 1 1 1 0 1 1 1
V
3 97 6 23
7 0 0 0 0 0 1 0 1 1 1 0 0 1 0 1 1 1 0 1 1 1
V
3 73 142 200
7 0 0 0 0 0 1 0 1 0 0 1 1 1 0 0 1 0 1 1 1 1
V
3 122 14 13
7 0 0 0 0 0 1 0 1 0 1 0 0 1 0 1 1 1 0 1 1 1
V
3 211 150 63
7 0 0 0 0 0 1 0 1 0 1 0 0 1 0 1 1 1 0 1 1 1
V
3 103 139 23
7 0 0 0 0 0 1 0 1 0 0 1 1 1 0 0 1 0 1 1 1 1
V
3 117 241 77
7 0 0 0 0 0 1 0 1 0 0 1 1 1 0 0 1 1 0 1 1 1
V
3 1 96 98
7 0 0 0 0 0 1 0 1 0 0 1 1 1 0 0 1 0 1 1 1 0
V
3 225 110 3
7 0 0 0 0 0 1 0 1 0 0 1 1 1 0 0 1 0 1 1 1 0
V
3 129 102 45
7 0 0 0 0 0 1 0 1 0 0 1 1 1 0 0 1 1 0 1 1 1
V
3 176 213 60
7 0 0 0 0 0 1 0 1 0 0 1 1 1 0 0 1 0 1 1 1 0
V
3 20 78 194
7 0 0 0 0 0 1 0 1 0 1 0 0 1 0 1 1 1 0 1 1 1
V
3 52 217 64
7 0 0 0 0 0 1 0 1 0 0 1 1 1 0 0 1 0 1 1 1 1
V
3 138 142 161
7 0 0 0 0 0 1 0 1 0 0 1 1 1 0 0 1 0 1 1 1 1
V
3 36 8 153
7 0 0 0 0 0 1 0 1 1 1 0 0 1 0 1 1 1 0 1 1 1
V
3 2 125 226
7 0 0 0 0 1 0 0 1 1 1 0 0 1 0 1 1 1 0 1 1 1
V
3 15 92 13
7 0 0 0 0 0 1 0 1 0 0 1 1 1 0 0 1 0 1 1 1 0
V
3 176 240 197
7 0 0 0 0 0 1 0 1 0 0 1 1 1 0 0 1 0 1 1 1 1
V
3 41 27 4
7 0 0 0 0 0 1 0 1 0 0 1 1 1 0 0 1 0 1 1 1 0
V
3 2 203 140
7 0 0 0 0 0 1 0 1 0 0 1 1 1 0 1 1 1 0 1 1 1
V
3 167 35 212
7 0 0 0 0 0 1 0 1 0 0 1 1 1 0 1 1 1 0 1 1 1
V
3 78 109 126
7 0 0 1 0 1 0 0 1 1 1 0 0 1 0 1 1 1 0 1 1 1
V
3 70 243 53
7 0 0 0 0 0 1 0 1 0 1 0 0 1 0 1 1 1 0 1 1 1
V
3 129 22 218
7 0 0 0 0 0 1 0 1 0 0 1 1 1 0 0 1 0 1 1 1 0
V
3 15 223 87
7 0 0 0 0 0 1 0 1 0 0 1 1 1 0 0 1 0 1 1 1 1
V
3 242 45 154
7 0 0 0 0 0 1 0 1 0 0 1 1 1 0 0 1 0 1 1 1 0
V
3 238 14 107
7 0 0 0 0 1 0 0 1 1 1 0 0 1 0 1 1 1 0 1 1 1
V
3 177 174 166
7 0 0 0 0 0 1 0 1 0 0 1 1 1 0 0 1 0 1 1 1 0
V
3 170 67 169
7 0 0 0 0 0 1 0 1 0 0 1 1 1 0 0 1 0 1 1 1 0
V
3 21 213 114
7 0 0 0 0 1 0 0 1 1 1 0 0 1 0 1 1 1 0 1 1 1
V
3 226 110 35
7 0 0 0 0 0 1 0 1 0 0 1 1 1 0 0 1 1 0 1 1 1
V
3 127 51 235
7 0 0 0 0 0 1 0 1 0 0 1 1 1 0 0 1 0 1 1 1 1
V
3 157 90 12
7 0 0 0 0 1 0 0 1 1 1 0 0 1 0 1 1 1 0 1 1 1
V
3 220 239 17
7 0 0 0 0 0 1 0 1 0 0 1 1 1 0 0 1 0 1 1 1 0
V
3 29 147 178
7 0 0 0 0 0 1 0 1 0 0 1 1 1 0 1 1 1 0 1 1 1
V
3 132 230 154
7 0 0 0 0 0 1 0 1 0 0 1 1 1 0 0 1 1 0 1 1 1
V
3 137 235 17
7 0 0 0 0 0 1 0 1 0 1 0 0 1 0 1 1 1 0 1 1 1
V
3 209 125 21
7 0 0 0 0 0 1 0 1 0 0 1 1 1 0 0 1 0 1 1 1 1
V
3 170 167 78
7 0 0 0 0 0 1 0 1 0 0 1 1 1 0 0 1 1 0 1 1 1
V
3 150 84 99
7 0 0 0 0 0 1 0 1 1 1 0 0 1 0 1 1 1 0 1 1 1
V
3 122 107 82
7 0 0 0 0 1 0 0 1 1 1 0 0 1 0 1 1 1 0 1 1 1
V
3 242 160 175
7 0 0 0 0 1 0 0 1 1 1 0 0 1 0 1 1 1 0 1 1 1
V
3 189 240 18
7 0 0 0 0 0 1 0 1 0 0 1 1 1 0 0 1 0 1 1 1 0
V
3 48 129 132
7 0 0 0 0 1 0 0 1 1 1 0 0 1 0 1 1 1 0 1 1 1
V
3 78 215 20
7 0 0 0 0 0 1 0 1 0 0 1 1 1 0 0 1 1 0 1 1 1
V
3 29 164 101
7 0 0 0 0 0 1 0 1 1 1 0 0 1 0 1 1 1 0 1 1 1
V
3 49 181 33
7 0 0 0 0 0 1 0 1 0 0 1 1 1 0 0 1 0 1 1 1 1
V
3 116 128 52
7 0 0 0 0 0 1 0 1 0 0 1 1 1 0 1 1 1 0 1 1 1
V
3 97 134 140
7 0 0 0 0 0 1 0 1 0 0 1 1 1 0 0 1 1 0 1 1 1
V
3 164 86 168
7 0 0 0 0 0 1 0 1 0 0 1 1 1 0 0 1 1 0 1 1 1
V
3 177 41 123
7 0 0 0 0 0 1 0 1 1 1 0 0 1 0 1 1 1 0 1 1 1
V
3 151 198 243
7 0 0 0 0 0 1 0 1 0 0 1 1 1 0 0 1 0 1 1 1 0
V
3 246 36 60
7 0 0 0 0 0 1 0 1 0 1 0 0 1 0 1 1 1 0 1 1 1
V
3 58 15 29
7 0 0 0 0 0 1 0 1 0 0 1 1 1 0 0 1 0 1 1 1 1
V
3 152 157 123
7 0 0 0 0 1 0 0 1 1 1 0 0 1 0 1 1 1 0 1 1 1
V
3 29 16 175
7 0 0 0 0 0 1 0 1 0 0 1 1 1 0 1 1 1 0 1 1 1
V
3 214 194 22
7 0 0 0 0 0 1 0 1 0 0 1 1 1 0 0 1 0 1 1 1 0
V
3 138 121 229
7 0 0 0 0 0 1 0 1 0 0 1 1 1 0 0 1 0 1 1 1 0
V
3 93 226 161
7 0 0 0 0 0 1 0 1 0 1 0 0 1 0 1 1 1 0 1 1 1
V
3 158 75 59
7 0 0 0 0 0 1 0 1 0 1 0 0 1 0 1 1 1 0 1 1 1
V
3 165 173 89
7 0 0 0 0 0 1 0 1 0 1 0 0 1 0 1 1 1 0 1 1 1
V
3 38 151 185
7 0 0 0 0 0 1 0 1 0 0 1 1 1 0 0 1 1 0 1 1 1
V
3 132 147 106
7 0 0 1 0 1 0 0 1 1 1 0 0 1 0 1 1 1 0 1 1 1
V
3 171 41 162
7 0 0 0 0 0 1 0 1 1 1 0 0 1 0 1 1 1 0 1 1 1
V
3 200 39 124
7 0 0 0 0 0 1 0 1 0 0 1 1 1 0 0 1 0 1 1 1 1
V
3 144 105 186
7 0 0 0 0 0 1 0 1 0 0 1 1 1 0 0 1 0 1 1 1 0
V
3 146 217 44
7 0 0 0 0 0 1 0 1 1 1 0 0 1 0 1 1 1 0 1 1 1
V
3 207 93 217
7 0 0 0 0 0 1 0 1 1 1 0 0 1 0 1 1 1 0 1 1 1
V
3 63 92 71
7 0 0 0 0 0 1 0 1 0 0 1 1 1 0 0 1 0 1 1 1 1
V
3 39 83 73
7 0 0 0 0 0 1 0 1 0 0 1 1 1 0 1 1 1 0 1 1 1
V
3 184 205 110
7 0 0 0 0 0 1 0 1 1 1 0 0 1 0 1 1 1 0 1 1 1
V
3 12 83 6
7 0 0 0 0 0 1 0 1 0 1 0 0 1 0 1 1 1 0 1 1 1
V
3 124 120 59
7 0 0 0 0 0 1 0 1 0 1 0 0 1 0 1 1 1 0 1 1 1
V
3 121 245 72
7 0 0 0 0 0 1 0 1 0 0 1 1 1 0 0 1 0 1 1 1 0
V
3 225 8 38
7 0 0 0 0 0 1 0 1 1 1 0 0 1 0 1 1 1 0 1 1 1
V
3 52 102 54
7 0 0 0 0 0 1 0 1 0 0 1 1 1 0 0 1 0 1 1 1 0
V
3 199 232 74
7 0 0 0 0 0 1 0 1 0 0 1 1 1 0 0 1 1 0 1 1 1
V
3 171 160 107
7 0 0 0 0 0 1 0 1 0 0 1 1 1 0 0 1 0 1 1 1 1
V
3 210 120 33
7 0 0 1 0 1 0 0 1 1 1 0 0 1 0 1 1 1 0 1 1 1
V
3 236 35 9
7 0 0 0 0 1 0 0 1 1 1 0 0 1 0 1 1 1 0 1 1 1
V
3 122 133 29
7 0 0 0 0 0 1 0 1 0 0 1 1 1 0 0 1 1 0 1 1 1
V
3 167 242 231
7 0 0 0 0 0 1 0 1 0 0 1 1 1 0 0 1 0 1 1 1 1
V
3 227 117 177
7 0 0 0 0 1 0 0 1 1 1 0 0 1 0 1 1 1 0 1 1 1
V
3 122 56 46
7 0 0 0 0 0 1 0 1 0 0 1 1 1 0 1 1 1 0 1 1 1
V
3 155 73 141
7 0 0 0 0 0 1 0 1 0 0 1 1 1 0 0 1 1 0 1 1 1
V
3 90 217 106
7 0 0 0 0 0 1 0 1 0 1 0 0 1 0 1 1 1 0 1 1 1
V
3 118 58 140
7 0 0 1 0 1 0 0 1 1 1 0 0 1 0 1 1 1 0 1 1 1
V
3 116 25 203
7 0 0 1 0 1 0 0 1 1 1 0 0 1 0 1 1 1 0 1 1 1
V
3 219 229 104
7 0 0 0 0 0 1 0 1 0 1 0 0 1 0 1 1 1 0 1 1 1
V
3 121 37 12
7 0 0 0 0 0 1 0 1 1 1 0 0 1 0 1 1 1 0 1 1 1
V
3 234 40 74
7 0 0 0 0 0 1 0 1 0 1 0 0 1 0 1 1 1 0 1 1 1
V
3 237 26 24
7 0 0 0 0 0 1 0 1 0 0 1 1 1 0 1 1 1 0 1 1 1
V
3 213 241 96
7 0 0 0 0 0 1 0 1 0 0 1 1 1 0 0 1 1 0 1 1 1
V
3 214 2 183
7 0 0 1 0 1 0 0 1 1 1 0 0 1 0 1 1 1 0 1 1 1
V
3 8 136 102
7 0 0 0 0 0 1 0 1 1 1 0 0 1 0 1 1 1 0 1 1 1
V
3 127 131 90
7 0 0 0 0 0 1 0 1 0 0 1 1 1 0 0 1 0 1 1 1 0
V
3 166 206 24
7 0 0 0 0 0 1 0 1 0 0 1 1 1 0 0 1 1 0 1 1 1
V
3 11 46 138
7 0 0 0 0 0 1 0 1 0 1 0 0 1 0 1 1 1 0 1 1 1
V
3 60 175 172
7 0 0 0 0 0 1 0 1 0 0 1 1 1 0 0 1 0 1 1 1 0
V
3 58 250 74
7 0 0 0 0 0 1 0 1 0 0 1 1 1 0 0 1 1 0 1 1 1
V
3 210 147 101
7 0 0 1 0 1 0 0 1 1 1 0 0 1 0 1 1 1 0 1 1 1
V
3 47 12 26
7 0 0 0 0 0 1 0 1 1 1 0 0 1 0 1 1 1 0 1 1 1
V
3 217 212 153
7 0 0 1 0 1 0 0 1 1 1 0 0 1 0 1 1 1 0 1 1 1
V
3 25 128 38
7 0 0 0 0 0 1 0 1 0 0 1 1 1 0 1 1 1 0 1 1 1
V
3 135 177 30
7 0 0 0 0 0 1 0 1 0 0 1 1 1 0 1 1 1 0 1 1 1
V
3 179 45 195
7 0 0 1 0 1 0 0 1 1 1 0 0 1 0 1 1 1 0 1 1 1
V
3 100 140 54
7 0 0 0 0 0 1 0 1 1 1 0 0 1 0 1 1 1 0 1 1 1
V
3 232 176 216
7 0 0 0 0 0 1 0 1 0 0 1 1 1 0 1 1 1 0 1 1 1
V
3 247 56 160
7 0 0 1 0 1 0 0 1 1 1 0 0 1 0 1 1 1 0 1 1 1
V
3 64 137 206
7 0 0 1 0 1 0 0 1 1 1 0 0 1 0 1 1 1 0 1 1 1
V
3 142 24 85
7 0 0 0 0 1 0 0 1 1 1 0 0 1 0 1 1 1 0 1 1 1
V
3 127 153 67
7 0 0 0 0 0 1 0 1 0 0 1 1 1 0 1 1 1 0 1 1 1
V
3 184 8 202
7 0 0 0 0 0 1 0 1 0 0 1 1 1 0 0 1 0 1 1 1 0
V
3 182 139 38
7 0 0 0 0 0 1 0 1 1 1 0 0 1 0 1 1 1 0 1 1 1
V
3 120 237 177
7 0 0 1 0 1 0 0 1 1 1 0 0 1 0 1 1 1 0 1 1 1
V
3 116 220 46
7 0 0 0 0 0 1 0 1 0 0 1 1 1 0 1 1 1 0 1 1 1
V
3 128 183 2
7 0 0 0 0 0 1 0 1 0 0 1 1 1 0 1 1 1 0 1 1 1
V
3 221 47 36
7 0 0 0 0 0 1 0 1 0 0 1 1 1 0 0 1 0 1 1 1 0
V
3 155 127 67
7 0 0 0 0 0 1 0 1 0 0 1 1 1 0 0 1 0 1 1 1 0
V
3 233 88 225
7 0 0 0 0 0 1 0 1 0 0 1 1 1 0 0 1 0 1 1 1 1
V
3 182 29 24
7 0 0 0 0 0 1 0 1 0 0 1 1 1 0 0 1 0 1 1 1 1
V
3 77 106 12
7 0 0 1 0 1 0 0 1 1 1 0 0 1 0 1 1 1 0 1 1 1
V
3 105 20 171
7 0 0 0 0 0 1 0 1 0 0 1 1 1 0 0 1 0 1 1 1 1
V
3 68 97 243
7 0 0 0 0 0 1 0 1 0 0 1 1 1 0 0 1 1 0 1 1 1
V
3 123 21 48
7 0 0 0 0 0 1 0 1 0 1 0 0 1 0 1 1 1 0 1 1 1
V
3 152 111 239
7 0 0 0 0 0 1 0 1 0 0 1 1 1 0 0 1 1 0 1 1 1
V
3 4 164 72
7 0 0 0 0 0 1 0 1 1 1 0 0 1 0 1 1 1 0 1 1 1
V
3 140 97 142
7 0 0 0 0 0 1 0 1 1 1 0 0 1 0 1 1 1 0 1 1 1
V
3 176 55 180
7 0 0 0 0 0 1 0 1 0 0 1 1 1 0 0 1 0 1 1 1 0
V
3 129 62 239
7 0 0 0 0 0 1 0 1 0 0 1 1 1 0 0 1 0 1 1 1 0
V
3 136 61 30
7 0 0 0 0 0 1 0 1 1 1 0 0 1 0 1 1 1 0 1 1 1
V
3 90 240 31
7 0 0 0 0 0 1 0 1 0 0 1 1 1 0 1 1 1 0 1 1 1
V
3 33 145 119
7 0 0 0 0 0 1 0 1 0 0 1 1 1 0 0 1 0 1 1 1 1
V
3 7 131 160
7 0 0 0 0 0 1 0 1 0 0 1 1 1 0 1 1 1 0 1 1 1
V
3 154 177 160
7 0 0 0 0 0 1 0 1 0 0 1 1 1 0 1 1 1 0 1 1 1
V
3 61 238 130
7 0 0 1 0 1 0 0 1 1 1 0 0 1 0 1 1 1 0 1 1 1
V
3 207 200 105
7 0 0 0 0 0 1 0 1 0 0 1 1 1 0 1 1 1 0 1 1 1
V
3 9 144 4
7 0 0 0 0 0 1 0 1 0 0 1 1 1 0 0 1 1 0 1 1 1
V
3 232 74 89
7 0 0 0 0 0 1 0 1 0 0 1 1 1 0 0 1 1 0 1 1 1
V
3 239 164 64
7 0 0 0 0 0 1 0 1 0 0 1 1 1 0 0 1 1 0 1 1 1
V
3 217 117 153
7 0 0 0 0 0 1 0 1 1 1 0 0 1 0 1 1 1 0 1 1 1
V
3 211 163 214
7 0 0 0 0 0 1 0 1 1 1 0 0 1 0 1 1 1 0 1 1 1
V
3 174 159 218
7 0 0 0 0 0 1 0 1 0 0 1 1 1 0 1 1 1 0 1 1 1
V
3 136 18 109
7 0 0 0 0 0 1 0 1 0 0 1 1 1 0 0 1 0 1 1 1 1
V
3 112 147 32
7 0 0 0 0 0 1 0 1 0 0 1 1 1 0 1 1 1 0 1 1 1
V
3 92 12 204
7 0 0 0 0 0 1 0 1 0 0 1 1 1 0 0 1 1 0 1 1 1
V
3 8 69 72
7 0 0 0 0 0 1 0 1 0 0 1 1 1 0 0 1 0 1 1 1 0
V
3 46 58 129
7 0 0 0 0 0 1 0 1 0 1 0 0 1 0 1 1 1 0 1 1 1
V
3 48 121 182
7 0 0 0 0 0 1 0 1 0 0 1 1 1 0 1 1 1 0 1 1 1
V
3 25 207 237
7 0 0 0 0 0 1 0 1 1 1 0 0 1 0 1 1 1 0 1 1 1
V
3 143 224 44
7 0 0 0 0 0 1 0 1 0 1 0 0 1 0 1 1 1 0 1 1 1
V
3 5 226 221
7 0 0 0 0 0 1 0 1 1 1 0 0 1 0 1 1 1 0 1 1 1
V
3 47 242 162
7 0 0 0 0 0 1 0 1 0 0 1 1 1 0 0 1 1 0 1 1 1
V
3 90 52 18
7 0 0 0 0 0 1 0 1 1 1 0 0 1 0 1 1 1 0 1 1 1
V
3 110 233 69
7 0 0 0 0 1 0 0 1 1 1 0 0 1 0 1 1 1 0 1 1 1
V
3 128 180 174
7 0 0 0 0 0 1 0 1 0 0 1 1 1 0 0 1 1 0 1 1 1
V
3 73 30 117
7 0 0 1 0 1 0 0 1 1 1 0 0 1 0 1 1 1 0 1 1 1
V
3 147 153 54
7 0 0 1 0 1 0 0 1 1 1 0 0 1 0 1 1 1 0 1 1 1
V
3 206 167 110
7 0 0 0 0 0 1 0 1 0 0 1 1 1 0 0 1 0 1 1 1 1
V
3 85 47 50
7 0 0 0 0 0 1 0 1 0 0 1 1 1 0 0 1 0 1 1 1 1
V
3 105 20 17
7 0 0 0 0 0 1 0 1 1 1 0 0 1 0 1 1 1 0 1 1 1
V
3 170 13 72
7 0 0 0 0 1 0 0 1 1 1 0 0 1 0 1 1 1 0 1 1 1
V
3 99 202 80
7 0 0 0 0 0 1 0 1 0 0 1 1 1 0 0 1 1 0 1 1 1
V
3 211 215 74
7 0 0 0 0 0 1 0 1 1 1 0 0 1 0 1 1 1 0 1 1 1
V
3 138 22 58
7 0 0 0 0 0 1 0 1 0 0 1 1 1 0 0 1 0 1 1 1 0
V
3 25 30 220
7 0 0 0 0 1 0 0 1 1 1 0 0 1 0 1 1 1 0 1 1 1
V
3 83 227 172
7 0 0 0 0 0 1 0 1 0 0 1 1 1 0 0 1 1 0 1 1 1
V
3 83 112 178
7 0 0 0 0 0 1 0 1 0 0 1 1 1 0 0 1 1 0 1 1 1
V
3 69 226 152
7 0 0 0 0 0 1 0 1 0 0 1 1 1 0 1 1 1 0 1 1 1
V
3 154 184 111
7 0 0 0 0 0 1 0 1 0 0 1 1 1 0 1 1 1 0 1 1 1
V
3 161 146 66
7 0 0 0 0 0 1 0 1 0 0 1 1 1 0 0 1 0 1 1 1 1
V
3 40 20 100
7 0 0 0 0 0 1 0 1 0 0 1 1 1 0 0 1 0 1 1 1 1
V
3 189 6 225
7 0 0 0 0 0 1 0 1 0 1 0 0 1 0 1 1 1 0 1 1 1
V
3 54 237 214
7 0 0 0 0 0 1 0 1 0 0 1 1 1 0 0 1 0 1 1 1 1
V
3 45 33 193
7 0 0 0 0 0 1 0 1 0 0 1 1 1 0 0 1 0 1 1 1 1
V
3 192 154 209
7 0 0 0 0 1 0 0 1 1 1 0 0 1 0 1 1 1 0 1 1 1
V
3 130 74 164
7 0 0 0 0 0 1 0 1 0 0 1 1 1 0 1 1 1 0 1 1 1
V
3 91 225 94
7 0 0 1 0 1 0 0 1 1 1 0 0 1 0 1 1 1 0 1 1 1
V
3 54 144 247
7 0 0 0 0 1 0 0 1 1 1 0 0 1 0 1 1 1 0 1 1 1
V
3 28 144 159
7 0 0 0 0 0 1 0 1 0 0 1 1 1 0 0 1 1 0 1 1 1
V
3 33 240 56
7 0 0 0 0 0 1 0 1 0 0 1 1 1 0 0 1 0 1 1 1 1
V
3 135 125 163
7 0 0 0 0 1 0 0 1 1 1 0 0 1 0 1 1 1 0 1 1 1
V
3 136 195 173
7 0 0 0 0 0 1 0 1 0 0 1 1 1 0 1 1 1 0 1 1 1
V
3 240 64 157
7 0 0 0 0 0 1 0 1 0 0 1 1 1 0 1 1 1 0 1 1 1
V
3 112 109 149
7 0 0 0 0 1 0 0 1 1 1 0 0 1 0 1 1 1 0 1 1 1
V
3 172 110 186
7 0 0 0 0 0 1 0 1 0 0 1 1 1 0 0 1 1 0 1 1 1
V
3 66 235 56
7 0 0 0 0 0 1 0 1 0 0 1 1 1 0 0 1 1 0 1 1 1
V
3 177 169 104
7 0 0 0 0 0 1 0 1 1 1 0 0 1 0 1 1 1 0 1 1 1
V
3 113 136 176
7 0 0 1 0 1 0 0 1 1 1 0 0 1 0 1 1 1 0 1 1 1
V
3 26 234 115
7 0 0 0 0 0 1 0 1 0 0 1 1 1 0 0 1 1 0 1 1 1
V
3 121 176 52
7 0 0 0 0 0 1 0 1 0 1 0 0 1 0 1 1 1 0 1 1 1
V
3 238 217 136
7 0 0 0 0 0 1 0 1 0 1 0 0 1 0 1 1 1 0 1 1 1
V
3 203 123 87
7 0 0 0 0 0 1 0 1 0 1 0 0 1 0 1 1 1 0 1 1 1
V
3 168 85 120
7 0 0 0 0 1 0 0 1 1 1 0 0 1 0 1 1 1 0 1 1 1
V
3 100 130 225
7 0 0 0 0 0 1 0 1 0 0 1 1 1 0 0 1 1 0 1 1 1
V
3 157 174 154
7 0 0 0 0 0 1 0 1 0 0 1 1 1 0 0 1 0 1 1 1 1
V
3 109 217 22
7 0 0 0 0 0 1 0 1 0 0 1 1 1 0 0 1 1 0 1 1 1
V
3 163 213 89
7 0 0 0 0 0 1 0 1 0 0 1 1 1 0 1 1 1 0 1 1 1
V
3 233 186 146
7 0 0 0 0 1 0 0 1 1 1 0 0 1 0 1 1 1 0 1 1 1
V
3 93 130 129
7 0 0 0 0 1 0 0 1 1 1 0 0 1 0 1 1 1 0 1 1 1
V
3 46 250 105
7 0 0 0 0 0 1 0 1 0 0 1 1 1 0 0 1 0 1 1 1 1
V
3 3 66 51
7 0 0 1 0 1 0 0 1 1 1 0 0 1 0 1 1 1 0 1 1 1
V
3 241 222 23
7 0 0 0 0 0 1 0 1 1 1 0 0 1 0 1 1 1 0 1 1 1
V
3 141 204 227
7 0 0 1 0 1 0 0 1 1 1 0 0 1 0 1 1 1 0 1 1 1
V
3 36 149 136
7 0 0 0 0 0 1 0 1 0 0 1 1 1 0 0 1 0 1 1 1 0
V
3 96 11 228
7 0 0 0 0 0 1 0 1 0 0 1 1 1 0 0 1 0 1 1 1 0
V
3 34 211 250
7 0 0 0 0 0 1 0 1 1 1 0 0 1 0 1 1 1 0 1 1 1
V
3 145 226 32
7 0 0 0 0 0 1 0 1 0 0 1 1 1 0 1 1 1 0 1 1 1
V
3 209 197 207
7 0 0 0 0 0 1 0 1 0 0 1 1 1 0 0 1 0 1 1 1 1
V
3 193 18 160
7 0 0 0 0 0 1 0 1 0 1 0 0 1 0 1 1 1 0 1 1 1
V
3 57 28 136
7 0 0 0 0 0 1 0 1 1 1 0 0 1 0 1 1 1 0 1 1 1
V
3 219 12 55
7 0 0 0 0 0 1 0 1 0 0 1 1 1 0 1 1 1 0 1 1 1
V
3 28 241 16
7 0 0 0 0 0 1 0 1 1 1 0 0 1 0 1 1 1 0 1 1 1
V
3 62 118 18
7 0 0 1 0 1 0 0 1 1 1 0 0 1 0 1 1 1 0 1 1 1
V
3 29 246 18
7 0 0 0 0 0 1 0 1 0 0 1 1 1 0 0 1 1 0 1 1 1
V
3 64 129 227
7 0 0 0 0 0 1 0 1 0 0 1 1 1 0 0 1 0 1 1 1 0
V
3 43 132 215
7 0 0 1 0 1 0 0 1 1 1 0 0 1 0 1 1 1 0 1 1 1
V
3 137 128 51
7 0 0 0 0 0 1 0 1 0 0 1 1 1 0 0 1 0 1 1 1 0
V
3 224 248 77
7 0 0 0 0 0 1 0 1 0 0 1 1 1 0 0 1 1 0 1 1 1
V
3 242 44 126
7 0 0 0 0 0 1 0 1 0 1 0 0 1 0 1 1 1 0 1 1 1
V
3 209 46 78
7 0 0 0 0 0 1 0 1 0 0 1 1 1 0 0 1 0 1 1 1 0
V
3 140 38 123
7 0 0 0 0 0 1 0 1 0 1 0 0 1 0 1 1 1 0 1 1 1
V
3 165 21 101
7 0 0 0 0 0 1 0 1 0 0 1 1 1 0 0 1 0 1 1 1 1
V
3 175 146 35
7 0 0 0 0 0 1 0 1 1 1 0 0 1 0 1 1 1 0 1 1 1
V
3 132 128 94
7 0 0 0 0 0 1 0 1 1 1 0 0 1 0 1 1 1 0 1 1 1
V
3 206 95 122
7 0 0 1 0 1 0 0 1 1 1 0 0 1 0 1 1 1 0 1 1 1
V
3 24 170 154
7 0 0 0 0 0 1 0 1 0 0 1 1 1 0 1 1 1 0 1 1 1
V
3 118 188 58
7 0 0 0 0 0 1 0 1 0 0 1 1 1 0 0 1 0 1 1 1 0
V
3 6 78 125
7 0 0 1 0 1 0 0 1 1 1 0 0 1 0 1 1 1 0 1 1 1
V
3 91 210 139
7 0 0 0 0 0 1 0 1 0 0 1 1 1 0 0 1 0 1 1 1 1
V
3 10 172 120
7 0 0 0 0 0 1 0 1 0 0 1 1 1 0 0 1 0 1 1 1 0
V
3 249 228 69
7 0 0 0 0 0 1 0 1 0 0 1 1 1 0 1 1 1 0 1 1 1
V
3 190 242 30
7 0 0 0 0 0 1 0 1 0 0 1 1 1 0 0 1 0 1 1 1 0
V
3 227 216 10
7 0 0 1 0 1 0 0 1 1 1 0 0 1 0 1 1 1 0 1 1 1
V
3 113 97 48
7 0 0 1 0 1 0 0 1 1 1 0 0 1 0 1 1 1 0 1 1 1
V
3 26 41 187
7 0 0 0 0 0 1 0 1 0 0 1 1 1 0 0 1 0 1 1 1 0
V
3 45 170 119
7 0 0 0 0 1 0 0 1 1 1 0 0 1 0 1 1 1 0 1 1 1
V
3 206 11 234
7 0 0 0 0 0 1 0 1 0 0 1 1 1 0 0 1 1 0 1 1 1
V
3 167 234 159
7 0 0 0 0 0 1 0 1 0 0 1 1 1 0 0 1 1 0 1 1 1
V
3 15 198 11
7 0 0 0 0 0 1 0 1 1 1 0 0 1 0 1 1 1 0 1 1 1
V
3 77 224 82
7 0 0 1 0 1 0 0 1 1 1 0 0 1 0 1 1 1 0 1 1 1
V
3 155 164 174
7 0 0 0 0 1 0 0 1 1 1 0 0 1 0 1 1 1 0 1 1 1
V
3 15 232 6
7 0 0 0 0 0 1 0 1 0 0 1 1 1 0 0 1 0 1 1 1 1
V
3 192 134 247
7 0 0 1 0 1 0 0 1 1 1 0 0 1 0 1 1 1 0 1 1 1
V
3 15 75 29
7 0 0 0 0 0 1 0 1 0 1 0 0 1 0 1 1 1 0 1 1 1
V
3 67 215 202
7 0 0 0 0 0 1 0 1 0 0 1 1 1 0 0 1 0 1 1 1 1
V
3 152 132 234
7 0 0 0 0 0 1 0 1 1 1 0 0 1 0 1 1 1 0 1 1 1
V
3 70 170 242
7 0 0 0 0 0 1 0 1 0 1 0 0 1 0 1 1 1 0 1 1 1
V
3 88 109 91
7 0 0 0 0 0 1 0 1 0 1 0 0 1 0 1 1 1 0 1 1 1
V
3 165 224 226
7 0 0 0 0 0 1 0 1 0 0 1 1 1 0 0 1 0 1 1 1 1
V
3 170 66 77
7 0 0 0 0 0 1 0 1 1 1 0 0 1 0 1 1 1 0 1 1 1
V
3 192 116 185
7 0 0 0 0 0 1 0 1 0 0 1 1 1 0 0 1 0 1 1 1 1
V
3 185 11 9
7 0 0 0 0 0 1 0 1 0 0 1 1 1 0 0 1 1 0 1 1 1
V
3 134 173 36
7 0 0 0 0 0 1 0 1 0 0 1 1 1 0 0 1 1 0 1 1 1
V
3 125 170 218
7 0 0 0 0 1 0 0 1 1 1 0 0 1 0 1 1 1 0 1 1 1
V
3 212 33 31
7 0 0 0 0 0 1 0 1 0 1 0 0 1 0 1 1 1 0 1 1 1
V
3 92 95 110
7 0 0 1 0 1 0 0 1 1 1 0 0 1 0 1 1 1 0 1 1 1
V
3 116 204 61
7 0 0 0 0 0 1 0 1 0 1 0 0 1 0 1 1 1 0 1 1 1
V
3 51 13 68
7 0 0 0 0 0 1 0 1 1 1 0 0 1 0 1 1 1 0 1 1 1
V
3 80 112 243
7 0 0 0 0 0 1 0 1 1 1 0 0 1 0 1 1 1 0 1 1 1
V
3 13 174 137
7 0 0 0 0 0 1 0 1 1 1 0 0 1 0 1 1 1 0 1 1 1
V
3 37 53 134
7 0 0 0 0 0 1 0 1 0 0 1 1 1 0 0 1 1 0 1 1 1
V
3 197 196 106
7 0 0 0 0 1 0 0 1 1 1 0 0 1 0 1 1 1 0 1 1 1
V
3 153 121 248
7 0 0 0 0 0 1 0 1 0 0 1 1 1 0 0 1 0 1 1 1 0
V
3 43 36 96
7 0 0 1 0 1 0 0 1 1 1 0 0 1 0 1 1 1 0 1 1 1
V
3 139 95 230
7 0 0 0 0 0 1 0 1 0 1 0 0 1 0 1 1 1 0 1 1 1
V
3 65 175 245
7 0 0 0 0 0 1 0 1 0 0 1 1 1 0 1 1 1 0 1 1 1
V
3 101 17 19
7 0 0 0 0 0 1 0 1 0 0 1 1 1 0 1 1 1 0 1 1 1
V
3 191 176 209
7 0 0 0 0 0 1 0 1 0 0 1 1 1 0 0 1 0 1 1 1 0
V
3 172 189 201
7 0 0 0 0 0 1 0 1 1 1 0 0 1 0 1 1 1 0 1 1 1
V
3 74 112 129
7 0 0 0 0 0 1 0 1 1 1 0 0 1 0 1 1 1 0 1 1 1
V
3 245 201 191
7 0 0 0 0 0 1 0 1 0 0 1 1 1 0 0 1 0 1 1 1 1
V
3 62 249 28
7 0 0 0 0 0 1 0 1 1 1 0 0 1 0 1 1 1 0 1 1 1
V
3 170 146 227
7 0 0 0 0 0 1 0 1 0 0 1 1 1 0 1 1 1 0 1 1 1
V
3 44 6 61
7 0 0 0 0 0 1 0 1 0 0 1 1 1 0 1 1 1 0 1 1 1
V
3 28 96 145
7 0 0 0 0 0 1 0 1 0 0 1 1 1 0 0 1 0 1 1 1 1
V
3 172 143 231
7 0 0 0 0 0 1 0 1 0 1 0 0 1 0 1 1 1 0 1 1 1
V
3 123 193 128
7 0 0 0 0 0 1 0 1 0 0 1 1 1 0 1 1 1 0 1 1 1
V
3 201 193 229
7 0 0 0 0 0 1 0 1 0 0 1 1 1 0 1 1 1 0 1 1 1
V
3 50 115 68
7 0 0 1 0 1 0 0 1 1 1 0 0 1 0 1 1 1 0 1 1 1
V
3 143 137 185
7 0 0 1 0 1 0 0 1 1 1 0 0 1 0 1 1 1 0 1 1 1
V
3 67 215 226
7 0 0 1 0 1 0 0 1 1 1 0 0 1 0 1 1 1 0 1 1 1
V
3 177 199 49
7 0 0 1 0 1 0 0 1 1 1 0 0 1 0 1 1 1 0 1 1 1
V
3 138 49 15
7 0 0 0 0 0 1 0 1 1 1 0 0 1 0 1 1 1 0 1 1 1
V
3 179 26 201
7 0 0 0 0 0 1 0 1 0 0 1 1 1 0 0 1 0 1 1 1 1
V
3 86 28 197
7 0 0 0 0 1 0 0 1 1 1 0 0 1 0 1 1 1 0 1 1 1
V
3 104 131 204
7 0 0 0 0 0 1 0 1 1 1 0 0 1 0 1 1 1 0 1 1 1
V
3 185 104 230
7 0 0 0 0 0 1 0 1 0 0 1 1 1 0 0 1 0 1 1 1 1
V
3 54 46 127
7 0 0 0 0 0 1 0 1 1 1 0 0 1 0 1 1 1 0 1 1 1
V
3 154 90 128
7 0 0 1 0 1 0 0 1 1 1 0 0 1 0 1 1 1 0 1 1 1
V
3 163 173 40
7 0 0 0 0 0 1 0 1 1 1 0 0 1 0 1 1 1 0 1 1 1
V
3 99 47 235
7 0 0 0 0 1 0 0 1 1 1 0 0 1 0 1 1 1 0 1 1 1
V
3 83 59 16
7 0 0 0 0 1 0 0 1 1 1 0 0 1 0 1 1 1 0 1 1 1
V
3 140 95 220
7 0 0 0 0 0 1 0 1 0 1 0 0 1 0 1 1 1 0 1 1 1
V
3 119 66 221
7 0 0 0 0 0 1 0 1 0 0 1 1 1 0 0 1 0 1 1 1 1
V
3 9 82 229
7 0 0 0 0 0 1 0 1 0 1 0 0 1 0 1 1 1 0 1 1 1
V
3 152 39 218
7 0 0 0 0 0 1 0 1 0 0 1 1 1 0 1 1 1 0 1 1 1
V
3 48 174 152
7 0 0 0 0 0 1 0 1 0 1 0 0 1 0 1 1 1 0 1 1 1
V
3 238 126 38
7 0 0 0 0 0 1 0 1 0 0 1 1 1 0 0 1 0 1 1 1 0
V
3 87 11 15
7 0 0 0 0 1 0 0 1 1 1 0 0 1 0 1 1 1 0 1 1 1
V
3 114 16 15
7 0 0 0 0 1 0 0 1 1 1 0 0 1 0 1 1 1 0 1 1 1
V
3 14 216 244
7 0 0 0 0 0 1 0 1 0 0 1 1 1 0 1 1 1 0 1 1 1
V
3 74 149 7
7 0 0 0 0 0 1 0 1 0 0 1 1 1 0 0 1 0 1 1 1 0
V
3 168 199 118
7 0 0 0 0 0 1 0 1 0 0 1 1 1 0 0 1 0 1 1 1 1
V
3 154 242 19
7 0 0 0 0 0 1 0 1 0 0 1 1 1 0 1 1 1 0 1 1 1
V
3 102 162 41
7 0 0 1 0 1 0 0 1 1 1 0 0 1 0 1 1 1 0 1 1 1
V
3 71 17 69
7 0 0 0 0 0 1 0 1 0 1 0 0 1 0 1 1 1 0 1 1 1
V
3 147 72 69
7 0 0 0 0 0 1 0 1 0 0 1 1 1 0 1 1 1 0 1 1 1
V
3 146 213 229
7 0 0 0 0 0 1 0 1 0 1 0 0 1 0 1 1 1 0 1 1 1
V
3 22 71 126
7 0 0 0 0 0 1 0 1 0 1 0 0 1 0 1 1 1 0 1 1 1
V
3 66 90 86
7 0 0 0 0 0 1 0 1 1 1 0 0 1 0 1 1 1 0 1 1 1
V
3 209 26 106
7 0 0 1 0 1 0 0 1 1 1 0 0 1 0 1 1 1 0 1 1 1
V
3 197 236 175
7 0 0 0 0 0 1 0 1 0 1 0 0 1 0 1 1 1 0 1 1 1
V
3 45 35 184
7 0 0 1 0 1 0 0 1 1 1 0 0 1 0 1 1 1 0 1 1 1
V
3 158 69 171
7 0 0 0 0 1 0 0 1 1 1 0 0 1 0 1 1 1 0 1 1 1
V
3 207 174 248
7 0 0 0 0 1 0 0 1 1 1 0 0 1 0 1 1 1 0 1 1 1
V
3 131 238 228
7 0 0 0 0 0 1 0 1 0 0 1 1 1 0 1 1 1 0 1 1 1
V
3 91 212 52
7 0 0 0 0 0 1 0 1 0 1 0 0 1 0 1 1 1 0 1 1 1
V
3 236 22 225
7 0 0 0 0 0 1 0 1 0 0 1 1 1 0 1 1 1 0 1 1 1
V
3 19 203 90
7 0 0 0 0 0 1 0 1 0 0 1 1 1 0 0 1 0 1 1 1 0
V
3 98 192 122
7 0 0 0 0 0 1 0 1 0 1 0 0 1 0 1 1 1 0 1 1 1
V
3 49 115 139
7 0 0 0 0 1 0 0 1 1 1 0 0 1 0 1 1 1 0 1 1 1
V
3 93 191 116
7 0 0 0 0 0 1 0 1 0 0 1 1 1 0 0 1 0 1 1 1 1
V
3 84 192 115
7 0 0 0 0 1 0 0 1 1 1 0 0 1 0 1 1 1 0 1 1 1
V
3 80 130 113
7 0 0 0 0 0 1 0 1 0 0 1 1 1 0 1 1 1 0 1 1 1
V
3 118 166 40
7 0 0 0 0 0 1 0 1 0 0 1 1 1 0 1 1 1 0 1 1 1
V
3 141 61 138
7 0 0 0 0 1 0 0 1 1 1 0 0 1 0 1 1 1 0 1 1 1
V
3 182 179 47
7 0 0 0 0 0 1 0 1 0 1 0 0 1 0 1 1 1 0 1 1 1
V
3 157 77 3
7 0 0 0 0 0 1 0 1 0 0 1 1 1 0 0 1 0 1 1 1 0
V
3 44 67 25
7 0 0 0 0 0 1 0 1 0 0 1 1 1 0 0 1 0 1 1 1 1
V
3 82 51 163
7 0 0 0 0 1 0 0 1 1 1 0 0 1 0 1 1 1 0 1 1 1
V
3 211 122 73
7 0 0 0 0 0 1 0 1 0 0 1 1 1 0 0 1 0 1 1 1 1
V
3 171 138 240
7 0 0 0 0 0 1 0 1 0 0 1 1 1 0 0 1 0 1 1 1 1
V
3 106 117 201
7 0 0 0 0 1 0 0 1 1 1 0 0 1 0 1 1 1 0 1 1 1
V
3 21 125 204
7 0 0 1 0 1 0 0 1 1 1 0 0 1 0 1 1 1 0 1 1 1
V
3 168 170 139
7 0 0 0 0 0 1 0 1 0 1 0 0 1 0 1 1 1 0 1 1 1
V
3 15 201 73
7 0 0 0 0 0 1 0 1 1 1 0 0 1 0 1 1 1 0 1 1 1
V
3 149 111 168
7 0 0 0 0 0 1 0 1 0 0 1 1 1 0 0 1 1 0 1 1 1
V
3 12 183 244
7 0 0 0 0 0 1 0 1 0 0 1 1 1 0 1 1 1 0 1 1 1
V
3 100 61 199
7 0 0 1 0 1 0 0 1 1 1 0 0 1 0 1 1 1 0 1 1 1
V
3 142 23 206
7 0 0 0 0 1 0 0 1 1 1 0 0 1 0 1 1 1 0 1 1 1
V
3 231 117 147
7 0 0 0 0 0 1 0 1 1 1 0 0 1 0 1 1 1 0 1 1 1
V
3 84 103 197
7 0 0 0 0 0 1 0 1 1 1 0 0 1 0 1 1 1 0 1 1 1
V
3 129 2 207
7 0 0 0 0 0 1 0 1 0 1 0 0 1 0 1 1 1 0 1 1 1
V
3 197 64 58
7 0 0 0 0 0 1 0 1 0 0 1 1 1 0 0 1 1 0 1 1 1
V
3 183 10 185
7 0 0 0 0 0 1 0 1 0 0 1 1 1 0 1 1 1 0 1 1 1
V
3 85 20 154
7 0 0 0 0 0 1 0 1 0 0 1 1 1 0 1 1 1 0 1 1 1
V
3 68 156 210
7 0 0 0 0 0 1 0 1 0 1 0 0 1 0 1 1 1 0 1 1 1
V
3 39 36 202
7 0 0 0 0 0 1 0 1 0 0 1 1 1 0 0 1 0 1 1 1 0
V
3 243 105 229
7 0 0 1 0 1 0 0 1 1 1 0 0 1 0 1 1 1 0 1 1 1
V
3 213 183 106
7 0 0 0 0 0 1 0 1 0 0 1 1 1 0 0 1 1 0 1 1 1
V
3 184 156 164
7 0 0 0 0 0 1 0 1 0 1 0 0 1 0 1 1 1 0 1 1 1
V
3 195 204 142
7 0 0 0 0 0 1 0 1 0 0 1 1 1 0 0 1 0 1 1 1 1
V
3 104 7 84
7 0 0 0 0 1 0 0 1 1 1 0 0 1 0 1 1 1 0 1 1 1
V
3 221 244 96
7 0 0 0 0 0 1 0 1 0 0 1 1 1 0 1 1 1 0 1 1 1
V
3 46 6 29
7 0 0 0 0 0 1 0 1 0 0 1 1 1 0 0 1 0 1 1 1 1
V
3 45 88 5
7 0 0 0 0 0 1 0 1 0 0 1 1 1 0 0 1 0 1 1 1 0
V
3 195 120 96
7 0 0 1 0 1 0 0 1 1 1 0 0 1 0 1 1 1 0 1 1 1
V
3 134 128 70
7 0 0 0 0 0 1 0 1 0 0 1 1 1 0 0 1 0 1 1 1 1
V
3 208 153 65
7 0 0 1 0 1 0 0 1 1 1 0 0 1 0 1 1 1 0 1 1 1
V
3 149 147 115
7 0 0 0 0 0 1 0 1 0 0 1 1 1 0 1 1 1 0 1 1 1
V
3 26 92 105
7 0 0 1 0 1 0 0 1 1 1 0 0 1 0 1 1 1 0 1 1 1
V
3 173 245 149
7 0 0 0 0 1 0 0 1 1 1 0 0 1 0 1 1 1 0 1 1 1
V
3 81 215 49
7 0 0 0 0 0 1 0 1 0 0 1 1 1 0 0 1 0 1 1 1 0
V
3 221 140 134
7 0 0 0 0 0 1 0 1 0 1 0 0 1 0 1 1 1 0 1 1 1
V
3 145 91 132
7 0 0 0 0 1 0 0 1 1 1 0 0 1 0 1 1 1 0 1 1 1
V
3 26 43 20
7 0 0 0 0 0 1 0 1 0 0 1 1 1 0 1 1 1 0 1 1 1
V
3 160 246 65
7 0 0 0 0 1 0 0 1 1 1 0 0 1 0 1 1 1 0 1 1 1
V
3 229 93 111
7 0 0 0 0 0 1 0 1 1 1 0 0 1 0 1 1 1 0 1 1 1
V
3 9 214 182
7 0 0 0 0 0 1 0 1 0 0 1 1 1 0 0 1 0 1 1 1 1
V
3 128 143 215
7 0 0 0 0 0 1 0 1 0 1 0 0 1 0 1 1 1 0 1 1 1
V
3 188 177 24
7 0 0 0 0 0 1 0 1 0 0 1 1 1 0 1 1 1 0 1 1 1
V
3 28 217 93
7 0 0 1 0 1 0 0 1 1 1 0 0 1 0 1 1 1 0 1 1 1
V
3 239 3 198
7 0 0 0 0 1 0 0 1 1 1 0 0 1 0 1 1 1 0 1 1 1
V
3 143 39 153
7 0 0 0 0 0 1 0 1 0 1 0 0 1 0 1 1 1 0 1 1 1
V
3 199 60 45
7 0 0 0 0 0 1 0 1 0 0 1 1 1 0 0 1 1 0 1 1 1
V
3 144 7 123
7 0 0 0 0 0 1 0 1 0 0 1 1 1 0 0 1 0 1 1 1 0
V
3 15 243 147
7 0 0 0 0 1 0 0 1 1 1 0 0 1 0 1 1 1 0 1 1 1
V
3 212 74 172
7 0 0 0 0 0 1 0 1 0 0 1 1 1 0 0 1 0 1 1 1 0
V
3 98 66 241
7 0 0 0 0 0 1 0 1 0 1 0 0 1 0 1 1 1 0 1 1 1
V
3 152 88 232
7 0 0 0 0 0 1 0 1 0 0 1 1 1 0 1 1 1 0 1 1 1
V
3 142 145 58
7 0 0 1 0 1 0 0 1 1 1 0 0 1 0 1 1 1 0 1 1 1
V
3 194 76 14
7 0 0 0 0 0 1 0 1 1 1 0 0 1 0 1 1 1 0 1 1 1
V
3 10 144 173
7 0 0 0 0 0 1 0 1 0 0 1 1 1 0 1 1 1 0 1 1 1
V
3 134 149 162
7 0 0 0 0 0 1 0 1 1 1 0 0 1 0 1 1 1 0 1 1 1
V
3 47 51 139
7 0 0 0 0 0 1 0 1 0 1 0 0 1 0 1 1 1 0 1 1 1
V
3 79 139 34
7 0 0 0 0 0 1 0 1 0 0 1 1 1 0 0 1 0 1 1 1 1
V
3 159 97 171
7 0 0 0 0 0 1 0 1 0 0 1 1 1 0 0 1 0 1 1 1 1
V
3 21 196 246
7 0 0 0 0 0 1 0 1 0 0 1 1 1 0 0 1 0 1 1 1 1
V
3 40 11 196
7 0 0 0 0 0 1 0 1 0 0 1 1 1 0 0 1 0 1 1 1 1
V
3 3 181 146
7 0 0 0 0 0 1 0 1 0 0 1 1 1 0 0 1 0 1 1 1 0
V
3 32 38 31
7 0 0 0 0 0 1 0 1 0 1 0 0 1 0 1 1 1 0 1 1 1
V
3 159 83 29
7 0 0 0 0 1 0 0 1 1 1 0 0 1 0 1 1 1 0 1 1 1
V
3 182 26 161
7 0 0 0 0 0 1 0 1 0 0 1 1 1 0 0 1 0 1 1 1 1
V
3 224 9 48
7 0 0 0 0 0 1 0 1 0 0 1 1 1 0 0 1 0 1 1 1 0
V
3 14 214 113
7 0 0 0 0 0 1 0 1 0 0 1 1 1 0 1 1 1 0 1 1 1
V
3 52 137 109
7 0 0 0 0 0 1 0 1 1 1 0 0 1 0 1 1 1 0 1 1 1
V
3 14 110 116
7 0 0 0 0 0 1 0 1 1 1 0 0 1 0 1 1 1 0 1 1 1
V
3 8 121 145
7 0 0 0 0 0 1 0 1 0 0 1 1 1 0 1 1 1 0 1 1 1
V
3 206 21 123
7 0 0 0 0 0 1 0 1 1 1 0 0 1 0 1 1 1 0 1 1 1
V
3 185 203 47
7 0 0 0 0 1 0 0 1 1 1 0 0 1 0 1 1 1 0 1 1 1
V
3 118 163 38
7 0 0 0 0 0 1 0 1 0 0 1 1 1 0 0 1 0 1 1 1 0
V
3 10 9 99
7 0 0 1 0 1 0 0 1 1 1 0 0 1 0 1 1 1 0 1 1 1
V
3 244 59 157
7 0 0 0 0 0 1 0 1 0 0 1 1 1 0 0 1 0 1 1 1 0
V
3 2 182 224
7 0 0 0 0 0 1 0 1 0 1 0 0 1 0 1 1 1 0 1 1 1
V
3 207 119 116
7 0 0 0 0 0 1 0 1 0 1 0 0 1 0 1 1 1 0 1 1 1
V
3 155 33 141
7 0 0 0 0 0 1 0 1 0 0 1 1 1 0 0 1 1 0 1 1 1
V
3 181 18 143
7 0 0 0 0 0 1 0 1 0 1 0 0 1 0 1 1 1 0 1 1 1
V
3 66 136 2
7 0 0 0 0 0 1 0 1 0 0 1 1 1 0 0 1 1 0 1 1 1
V
3 176 26 159
7 0 0 0 0 0 1 0 1 0 0 1 1 1 0 0 1 0 1 1 1 1
V
3 63 106 211
7 0 0 0 0 0 1 0 1 0 0 1 1 1 0 0 1 1 0 1 1 1
V
3 156 13 158
7 0 0 0 0 0 1 0 1 0 1 0 0 1 0 1 1 1 0 1 1 1
V
3 182 136 184
7 0 0 0 0 0 1 0 1 1 1 0 0 1 0 1 1 1 0 1 1 1
V
3 19 231 212
7 0 0 0 0 0 1 0 1 0 1 0 0 1 0 1 1 1 0 1 1 1
V
3 248 129 11
7 0 0 0 0 0 1 0 1 0 0 1 1 1 0 0 1 1 0 1 1 1
V
3 250 91 15
7 0 0 0 0 0 1 0 1 0 0 1 1 1 0 1 1 1 0 1 1 1
V
3 86 175 136
7 0 0 0 0 0 1 0 1 0 0 1 1 1 0 0 1 0 1 1 1 1
V
3 160 153 227
7 0 0 0 0 0 1 0 1 0 1 0 0 1 0 1 1 1 0 1 1 1
V
3 169 245 121
7 0 0 0 0 0 1 0 1 0 0 1 1 1 0 1 1 1 0 1 1 1
V
3 116 13 202
7 0 0 0 0 0 1 0 1 0 0 1 1 1 0 0 1 0 1 1 1 0
V
3 37 169 70
7 0 0 0 0 0 1 0 1 1 1 0 0 1 0 1 1 1 0 1 1 1
V
3 174 215 13
7 0 0 0 0 0 1 0 1 0 1 0 0 1 0 1 1 1 0 1 1 1
V
3 150 117 136
7 0 0 0 0 0 1 0 1 0 0 1 1 1 0 0 1 0 1 1 1 1
V
3 17 129 108
7 0 0 0 0 0 1 0 1 0 0 1 1 1 0 1 1 1 0 1 1 1
V
3 211 125 135
7 0 0 0 0 0 1 0 1 0 0 1 1 1 0 1 1 1 0 1 1 1
V
3 142 37 223
7 0 0 0 0 0 1 0 1 0 0 1 1 1 0 1 1 1 0 1 1 1
V
3 50 12 66
7 0 0 1 0 1 0 0 1 1 1 0 0 1 0 1 1 1 0 1 1 1
V
3 45 221 141
7 0 0 0 0 0 1 0 1 0 0 1 1 1 0 1 1 1 0 1 1 1
V
3 42 114 229
7 0 0 0 0 0 1 0 1 0 0 1 1 1 0 0 1 1 0 1 1 1
V
3 21 212 111
7 0 0 0 0 0 1 0 1 0 0 1 1 1 0 1 1 1 0 1 1 1
V
3 209 16 148
7 0 0 0 0 0 1 0 1 0 0 1 1 1 0 0 1 0 1 1 1 0
V
3 33 26 247
7 0 0 1 0 1 0 0 1 1 1 0 0 1 0 1 1 1 0 1 1 1
V
3 122 132 39
7 0 0 0 0 1 0 0 1 1 1 0 0 1 0 1 1 1 0 1 1 1
V
3 112 104 249
7 0 0 0 0 1 0 0 1 1 1 0 0 1 0 1 1 1 0 1 1 1
V
3 77 24 211
7 0 0 0 0 0 1 0 1 0 0 1 1 1 0 0 1 0 1 1 1 1
V
3 49 138 100
7 0 0 0 0 0 1 0 1 0 0 1 1 1 0 1 1 1 0 1 1 1
V
3 182 101 103
7 0 0 0 0 0 1 0 1 0 0 1 1 1 0 0 1 0 1 1 1 0
V
3 246 70 72
7 0 0 0 0 1 0 0 1 1 1 0 0 1 0 1 1 1 0 1 1 1
V
3 169 194 236
7 0 0 0 0 0 1 0 1 0 0 1 1 1 0 0 1 1 0 1 1 1
V
3 167 110 11
7 0 0 0 0 0 1 0 1 0 0 1 1 1 0 0 1 1 0 1 1 1
V
3 211 96 77
7 0 0 0 0 1 0 0 1 1 1 0 0 1 0 1 1 1 0 1 1 1
V
3 136 224 246
7 0 0 0 0 0 1 0 1 0 0 1 1 1 0 0 1 0 1 1 1 0
V
3 178 148 14
7 0 0 0 0 0 1 0 1 0 0 1 1 1 0 0 1 0 1 1 1 1
V
3 131 100 39
7 0 0 1 0 1 0 0 1 1 1 0 0 1 0 1 1 1 0 1 1 1
V
3 105 183 182
7 0 0 0 0 1 0 0 1 1 1 0 0 1 0 1 1 1 0 1 1 1
V
3 54 20 75
7 0 0 0 0 0 1 0 1 0 0 1 1 1 0 1 1 1 0 1 1 1
V
3 26 216 91
7 0 0 0 0 0 1 0 1 0 1 0 0 1 0 1 1 1 0 1 1 1
V
3 216 132 140
7 0 0 0 0 0 1 0 1 0 0 1 1 1 0 0 1 0 1 1 1 1
V
3 76 11 171
7 0 0 0 0 0 1 0 1 0 1 0 0 1 0 1 1 1 0 1 1 1
V
3 185 232 121
7 0 0 0 0 1 0 0 1 1 1 0 0 1 0 1 1 1 0 1 1 1
V
3 95 151 200
7 0 0 0 0 0 1 0 1 0 0 1 1 1 0 1 1 1 0 1 1 1
V
3 36 57 246
7 0 0 0 0 0 1 0 1 0 0 1 1 1 0 0 1 1 0 1 1 1
V
3 118 45 81
7 0 0 0 0 1 0 0 1 1 1 0 0 1 0 1 1 1 0 1 1 1
V
3 79 99 221
7 0 0 0 0 0 1 0 1 0 0 1 1 1 0 0 1 0 1 1 1 1
V
3 187 147 80
7 0 0 0 0 1 0 0 1 1 1 0 0 1 0 1 1 1 0 1 1 1
V
3 237 108 76
7 0 0 0 0 0 1 0 1 0 0 1 1 1 0 1 1 1 0 1 1 1
V
3 217 63 163
7 0 0 0 0 0 1 0 1 0 0 1 1 1 0 0 1 0 1 1 1 0
V
3 162 56 35
7 0 0 0 0 0 1 0 1 0 0 1 1 1 0 1 1 1 0 1 1 1
V
3 202 142 158
7 0 0 0 0 0 1 0 1 0 0 1 1 1 0 0 1 0 1 1 1 1
V
3 21 77 17
7 0 0 0 0 0 1 0 1 1 1 0 0 1 0 1 1 1 0 1 1 1
V
3 25 120 138
7 0 0 0 0 1 0 0 1 1 1 0 0 1 0 1 1 1 0 1 1 1
V
3 206 23 226
7 0 0 0 0 0 1 0 1 0 1 0 0 1 0 1 1 1 0 1 1 1
V
3 110 146 220
7 0 0 0 0 0 1 0 1 0 0 1 1 1 0 0 1 0 1 1 1 1
V
3 203 89 175
7 0 0 1 0 1 0 0 1 1 1 0 0 1 0 1 1 1 0 1 1 1
V
3 231 32 142
7 0 0 0 0 0 1 0 1 0 0 1 1 1 0 0 1 0 1 1 1 1
V
3 28 156 145
7 0 0 0 0 0 1 0 1 0 0 1 1 1 0 0 1 1 0 1 1 1
V
3 79 212 224
7 0 0 0 0 1 0 0 1 1 1 0 0 1 0 1 1 1 0 1 1 1
V
3 218 189 104
7 0 0 0 0 0 1 0 1 0 0 1 1 1 0 0 1 1 0 1 1 1
V
3 221 36 81
7 0 0 0 0 0 1 0 1 0 0 1 1 1 0 0 1 0 1 1 1 1
V
3 210 126 124
7 0 0 1 0 1 0 0 1 1 1 0 0 1 0 1 1 1 0 1 1 1
V
3 126 151 161
7 0 0 0 0 1 0 0 1 1 1 0 0 1 0 1 1 1 0 1 1 1
V
3 221 143 128
7 0 0 0 0 0 1 0 1 0 0 1 1 1 0 0 1 0 1 1 1 0
V
3 153 165 147
7 0 0 0 0 1 0 0 1 1 1 0 0 1 0 1 1 1 0 1 1 1
V
3 248 72 15
7 0 0 0 0 0 1 0 1 0 1 0 0 1 0 1 1 1 0 1 1 1
V
3 170 176 36
7 0 0 0 0 1 0 0 1 1 1 0 0 1 0 1 1 1 0 1 1 1
V
3 47 152 60
7 0 0 0 0 0 1 0 1 0 0 1 1 1 0 0 1 0 1 1 1 1
V
3 123 143 17
7 0 0 0 0 0 1 0 1 0 0 1 1 1 0 0 1 1 0 1 1 1
V
3 208 240 128
7 0 0 0 0 0 1 0 1 0 1 0 0 1 0 1 1 1 0 1 1 1
V
3 82 244 52
7 0 0 1 0 1 0 0 1 1 1 0 0 1 0 1 1 1 0 1 1 1
V
3 7 241 194
7 0 0 0 0 1 0 0 1 1 1 0 0 1 0 1 1 1 0 1 1 1
V
3 201 81 122
7 0 0 1 0 1 0 0 1 1 1 0 0 1 0 1 1 1 0 1 1 1
V
3 135 161 186
7 0 0 0 0 0 1 0 1 0 0 1 1 1 0 0 1 0 1 1 1 1
V
3 115 118 12
7 0 0 0 0 0 1 0 1 0 0 1 1 1 0 0 1 0 1 1 1 1
V
3 223 53 1
7 0 0 0 0 0 1 0 1 1 1 0 0 1 0 1 1 1 0 1 1 1
V
3 42 155 64
7 0 0 0 0 0 1 0 1 0 0 1 1 1 0 0 1 0 1 1 1 1
V
3 205 148 178
7 0 0 0 0 0 1 0 1 0 1 0 0 1 0 1 1 1 0 1 1 1
V
3 121 43 125
7 0 0 0 0 0 1 0 1 1 1 0 0 1 0 1 1 1 0 1 1 1
V
3 78 59 153
7 0 0 1 0 1 0 0 1 1 1 0 0 1 0 1 1 1 0 1 1 1
V
3 97 24 175
7 0 0 1 0 1 0 0 1 1 1 0 0 1 0 1 1 1 0 1 1 1
V
3 169 89 228
7 0 0 0 0 0 1 0 1 0 0 1 1 1 0 0 1 1 0 1 1 1
V
3 79 28 72
7 0 0 0 0 1 0 0 1 1 1 0 0 1 0 1 1 1 0 1 1 1
V
3 221 225 22
7 0 0 0 0 1 0 0 1 1 1 0 0 1 0 1 1 1 0 1 1 1
V
3 130 109 24
7 0 0 0 0 0 1 0 1 1 1 0 0 1 0 1 1 1 0 1 1 1
V
3 154 44 97
7 0 0 0 0 0 1 0 1 0 1 0 0 1 0 1 1 1 0 1 1 1
V
3 152 60 232
7 0 0 0 0 0 1 0 1 0 0 1 1 1 0 1 1 1 0 1 1 1
V
3 54 121 83
7 0 0 0 0 0 1 0 1 0 0 1 1 1 0 0 1 0 1 1 1 0
V
3 105 96 163
7 0 0 0 0 0 1 0 1 0 0 1 1 1 0 0 1 0 1 1 1 0
V
3 92 71 52
7 0 0 0 0 1 0 0 1 1 1 0 0 1 0 1 1 1 0 1 1 1
V
3 189 6 44
7 0 0 0 0 1 0 0 1 1 1 0 0 1 0 1 1 1 0 1 1 1
V
3 179 237 244
7 0 0 0 0 0 1 0 1 0 0 1 1 1 0 1 1 1 0 1 1 1
V
3 216 170 156
7 0 0 1 0 1 0 0 1 1 1 0 0 1 0 1 1 1 0 1 1 1
V
3 236 150 127
7 0 0 0 0 0 1 0 1 0 0 1 1 1 0 1 1 1 0 1 1 1
V
3 92 118 138
7 0 0 0 0 0 1 0 1 0 0 1 1 1 0 0 1 0 1 1 1 0
V
3 144 170 246
7 0 0 0 0 0 1 0 1 0 0 1 1 1 0 0 1 0 1 1 1 1
V
3 122 134 67
7 0 0 0 0 1 0 0 1 1 1 0 0 1 0 1 1 1 0 1 1 1
V
3 151 10 103
7 0 0 0 0 1 0 0 1 1 1 0 0 1 0 1 1 1 0 1 1 1
V
3 87 45 48
7 0 0 0 0 0 1 0 1 0 0 1 1 1 0 0 1 0 1 1 1 1
V
3 32 35 191
7 0 0 0 0 0 1 0 1 0 0 1 1 1 0 0 1 0 1 1 1 0
V
3 159 72 93
7 0 0 0 0 0 1 0 1 0 0 1 1 1 0 1 1 1 0 1 1 1
V
3 236 130 182
7 0 0 0 0 0 1 0 1 0 1 0 0 1 0 1 1 1 0 1 1 1
V
3 235 145 236
7 0 0 0 0 0 1 0 1 1 1 0 0 1 0 1 1 1 0 1 1 1
V
3 235 37 88
7 0 0 1 0 1 0 0 1 1 1 0 0 1 0 1 1 1 0 1 1 1
V
3 106 32 65
7 0 0 0 0 0 1 0 1 0 1 0 0 1 0 1 1 1 0 1 1 1
V
3 220 110 65
7 0 0 1 0 1 0 0 1 1 1 0 0 1 0 1 1 1 0 1 1 1
V
3 110 250 203
7 0 0 0 0 1 0 0 1 1 1 0 0 1 0 1 1 1 0 1 1 1
V
3 17 36 92
7 0 0 1 0 1 0 0 1 1 1 0 0 1 0 1 1 1 0 1 1 1
V
3 46 108 79
7 0 0 0 0 0 1 0 1 0 0 1 1 1 0 0 1 0 1 1 1 1
V
3 164 246 111
7 0 0 0 0 0 1 0 1 0 0 1 1 1 0 1 1 1 0 1 1 1
V
3 221 12 172
7 0 0 0 0 1 0 0 1 1 1 0 0 1 0 1 1 1 0 1 1 1
V
3 109 183 185
7 0 0 0 0 0 1 0 1 0 1 0 0 1 0 1 1 1 0 1 1 1
V
3 9 239 22
7 0 0 0 0 0 1 0 1 0 1 0 0 1 0 1 1 1 0 1 1 1
V
3 143 36 2
7 0 0 0 0 0 1 0 1 0 0 1 1 1 0 0 1 0 1 1 1 0
V
3 51 82 137
7 0 0 0 0 0 1 0 1 0 0 1 1 1 0 0 1 1 0 1 1 1
V
3 224 31 190
7 0 0 0 0 0 1 0 1 0 0 1 1 1 0 1 1 1 0 1 1 1
V
3 80 175 195
7 0 0 0 0 0 1 0 1 0 1 0 0 1 0 1 1 1 0 1 1 1
V
3 250 245 157
7 0 0 0 0 1 0 0 1 1 1 0 0 1 0 1 1 1 0 1 1 1
V
3 166 238 183
7 0 0 0 0 0 1 0 1 0 0 1 1 1 0 0 1 0 1 1 1 1
V
3 58 11 183
7 0 0 0 0 0 1 0 1 0 0 1 1 1 0 0 1 0 1 1 1 0
V
3 123 146 23
7 0 0 1 0 1 0 0 1 1 1 0 0 1 0 1 1 1 0 1 1 1
V
3 74 121 13
7 0 0 0 0 0 1 0 1 0 1 0 0 1 0 1 1 1 0 1 1 1
V
3 185 135 244
7 0 0 0 0 0 1 0 1 1 1 0 0 1 0 1 1 1 0 1 1 1
V
3 238 71 77
7 0 0 0 0 0 1 0 1 0 0 1 1 1 0 0 1 0 1 1 1 1
V
3 22 46 204
7 0 0 0 0 0 1 0 1 0 0 1 1 1 0 0 1 0 1 1 1 0
V
3 112 114 218
7 0 0 0 0 0 1 0 1 0 0 1 1 1 0 0 1 0 1 1 1 1
V
3 247 24 69
7 0 0 0 0 0 1 0 1 1 1 0 0 1 0 1 1 1 0 1 1 1
V
3 200 43 60
7 0 0 0 0 0 1 0 1 0 1 0 0 1 0 1 1 1 0 1 1 1
V
3 28 20 225
7 0 0 0 0 0 1 0 1 0 0 1 1 1 0 1 1 1 0 1 1 1
V
3 220 52 56
7 0 0 0 0 0 1 0 1 0 0 1 1 1 0 1 1 1 0 1 1 1
V
3 119 153 137
7 0 0 1 0 1 0 0 1 1 1 0 0 1 0 1 1 1 0 1 1 1
V
3 142 72 64
7 0 0 0 0 0 1 0 1 0 0 1 1 1 0 0 1 1 0 1 1 1
V
3 27 36 15
7 0 0 0 0 1 0 0 1 1 1 0 0 1 0 1 1 1 0 1 1 1
V
3 235 104 232
7 0 0 0 0 0 1 0 1 0 0 1 1 1 0 0 1 1 0 1 1 1
V
3 220 21 40
7 0 0 0 0 0 1 0 1 1 1 0 0 1 0 1 1 1 0 1 1 1
V
3 49 62 234
7 0 0 0 0 0 1 0 1 0 0 1 1 1 0 0 1 0 1 1 1 1
V
3 226 39 131
7 0 0 0 0 0 1 0 1 0 1 0 0 1 0 1 1 1 0 1 1 1
V
3 11 26 2
7 0 0 1 0 1 0 0 1 1 1 0 0 1 0 1 1 1 0 1 1 1
V
3 238 98 181
7 0 0 0 0 0 1 0 1 0 0 1 1 1 0 0 1 1 0 1 1 1
V
3 208 26 3
7 0 0 0 0 0 1 0 1 0 0 1 1 1 0 0 1 1 0 1 1 1
V
3 79 99 7
7 0 0 0 0 1 0 0 1 1 1 0 0 1 0 1 1 1 0 1 1 1
V
3 121 9 193
7 0 0 0 0 1 0 0 1 1 1 0 0 1 0 1 1 1 0 1 1 1
V
3 219 58 218
7 0 0 0 0 0 1 0 1 0 0 1 1 1 0 1 1 1 0 1 1 1
V
3 48 71 178
7 0 0 0 0 0 1 0 1 0 0 1 1 1 0 0 1 1 0 1 1 1
V
3 211 247 10
7 0 0 0 0 0 1 0 1 0 0 1 1 1 0 0 1 0 1 1 1 1
V
3 158 73 159
7 0 0 0 0 0 1 0 1 0 0 1 1 1 0 0 1 0 1 1 1 0
V
3 69 6 200
7 0 0 0 0 1 0 0 1 1 1 0 0 1 0 1 1 1 0 1 1 1
V
3 203 226 55
7 0 0 0 0 0 1 0 1 0 0 1 1 1 0 0 1 0 1 1 1 0
V
3 250 245 208
7 0 0 0 0 0 1 0 1 0 0 1 1 1 0 0 1 0 1 1 1 0
V
3 161 183 244
7 0 0 0 0 0 1 0 1 0 0 1 1 1 0 0 1 0 1 1 1 0
V
3 231 53 60
7 0 0 0 0 0 1 0 1 0 0 1 1 1 0 0 1 0 1 1 1 0
V
3 80 35 200
7 0 0 0 0 1 0 0 1 1 1 0 0 1 0 1 1 1 0 1 1 1
V
3 26 248 183
7 0 0 0 0 0 1 0 1 0 1 0 0 1 0 1 1 1 0 1 1 1
V
3 218 168 123
7 0 0 0 0 0 1 0 1 0 0 1 1 1 0 1 1 1 0 1 1 1
V
3 171 6 27
7 0 0 0 0 0 1 0 1 0 0 1 1 1 0 0 1 0 1 1 1 0
V
3 152 156 224
7 0 0 0 0 0 1 0 1 0 0 1 1 1 0 0 1 1 0 1 1 1
V
3 156 124 226
7 0 0 0 0 0 1 0 1 1 1 0 0 1 0 1 1 1 0 1 1 1
V
3 62 179 19
7 0 0 0 0 0 1 0 1 0 0 1 1 1 0 0 1 1 0 1 1 1
V
3 123 226 105
7 0 0 0 0 0 1 0 1 0 0 1 1 1 0 0 1 0 1 1 1 0
V
3 90 71 205
7 0 0 0 0 0 1 0 1 0 1 0 0 1 0 1 1 1 0 1 1 1
V
3 38 137 36
7 0 0 1 0 1 0 0 1 1 1 0 0 1 0 1 1 1 0 1 1 1
V
3 202 4 204
7 0 0 0 0 0 1 0 1 0 0 1 1 1 0 1 1 1 0 1 1 1
V
3 199 171 35
7 0 0 0 0 0 1 0 1 0 0 1 1 1 0 0 1 0 1 1 1 1
V
3 155 37 19
7 0 0 0 0 1 0 0 1 1 1 0 0 1 0 1 1 1 0 1 1 1
V
3 208 120 239
7 0 0 0 0 0 1 0 1 0 0 1 1 1 0 0 1 0 1 1 1 0
V
3 42 24 109
7 0 0 0 0 1 0 0 1 1 1 0 0 1 0 1 1 1 0 1 1 1
V
3 158 237 211
7 0 0 0 0 0 1 0 1 1 1 0 0 1 0 1 1 1 0 1 1 1
V
3 217 112 240
7 0 0 0 0 1 0 0 1 1 1 0 0 1 0 1 1 1 0 1 1 1
V
3 44 234 191
7 0 0 0 0 0 1 0 1 0 1 0 0 1 0 1 1 1 0 1 1 1
V
3 230 199 92
7 0 0 0 0 0 1 0 1 0 0 1 1 1 0 1 1 1 0 1 1 1
V
3 191 152 101
7 0 0 0 0 0 1 0 1 0 1 0 0 1 0 1 1 1 0 1 1 1
V
3 7 137 122
7 0 0 0 0 0 1 0 1 0 0 1 1 1 0 0 1 0 1 1 1 1
V
3 37 214 148
7 0 0 0 0 0 1 0 1 0 1 0 0 1 0 1 1 1 0 1 1 1
V
3 181 8 211
7 0 0 0 0 1 0 0 1 1 1 0 0 1 0 1 1 1 0 1 1 1
V
3 94 49 151
7 0 0 0 0 0 1 0 1 0 0 1 1 1 0 1 1 1 0 1 1 1
V
3 13 208 163
7 0 0 0 0 1 0 0 1 1 1 0 0 1 0 1 1 1 0 1 1 1
V
3 249 14 29
7 0 0 0 0 0 1 0 1 1 1 0 0 1 0 1 1 1 0 1 1 1
V
3 157 18 239
7 0 0 0 0 1 0 0 1 1 1 0 0 1 0 1 1 1 0 1 1 1
V
3 31 224 210
7 0 0 0 0 0 1 0 1 0 0 1 1 1 0 1 1 1 0 1 1 1
V
3 193 189 77
7 0 0 1 0 1 0 0 1 1 1 0 0 1 0 1 1 1 0 1 1 1
V
3 105 136 51
7 0 0 0 0 0 1 0 1 1 1 0 0 1 0 1 1 1 0 1 1 1
V
3 160 248 72
7 0 0 0 0 0 1 0 1 0 0 1 1 1 0 1 1 1 0 1 1 1
V
3 213 24 70
7 0 0 0 0 0 1 0 1 0 0 1 1 1 0 1 1 1 0 1 1 1
V
3 154 109 87
7 0 0 0 0 1 0 0 1 1 1 0 0 1 0 1 1 1 0 1 1 1
V
3 141 42 121
7 0 0 0 0 0 1 0 1 0 0 1 1 1 0 0 1 0 1 1 1 0
V
3 61 239 129
7 0 0 0 0 1 0 0 1 1 1 0 0 1 0 1 1 1 0 1 1 1
V
3 169 165 125
7 0 0 0 0 0 1 0 1 0 0 1 1 1 0 0 1 1 0 1 1 1
V
3 43 65 17
7 0 0 1 0 1 0 0 1 1 1 0 0 1 0 1 1 1 0 1 1 1
V
3 225 170 202
7 0 0 1 0 1 0 0 1 1 1 0 0 1 0 1 1 1 0 1 1 1
V
3 243 173 92
7 0 0 0 0 0 1 0 1 0 1 0 0 1 0 1 1 1 0 1 1 1
V
3 106 200 214
7 0 0 0 0 0 1 0 1 0 0 1 1 1 0 0 1 1 0 1 1 1
V
3 112 229 134
7 0 0 0 0 0 1 0 1 0 0 1 1 1 0 0 1 0 1 1 1 0
V
3 229 11 50
7 0 0 0 0 0 1 0 1 0 0 1 1 1 0 1 1 1 0 1 1 1
V
3 88 97 235
7 0 0 0 0 0 1 0 1 1 1 0 0 1 0 1 1 1 0 1 1 1
V
3 90 149 189
7 0 0 0 0 0 1 0 1 0 0 1 1 1 0 1 1 1 0 1 1 1
V
3 157 117 29
7 0 0 1 0 1 0 0 1 1 1 0 0 1 0 1 1 1 0 1 1 1
V
3 90 213 68
7 0 0 0 0 0 1 0 1 0 0 1 1 1 0 0 1 0 1 1 1 1
V
3 208 177 47
7 0 0 0 0 0 1 0 1 0 1 0 0 1 0 1 1 1 0 1 1 1
V
3 72 9 16
7 0 0 0 0 1 0 0 1 1 1 0 0 1 0 1 1 1 0 1 1 1
V
3 73 139 71
7 0 0 1 0 1 0 0 1 1 1 0 0 1 0 1 1 1 0 1 1 1
V
3 91 227 199
7 0 0 1 0 1 0 0 1 1 1 0 0 1 0 1 1 1 0 1 1 1
V
3 207 187 13
7 0 0 0 0 0 1 0 1 0 1 0 0 1 0 1 1 1 0 1 1 1
V
3 61 117 138
7 0 0 1 0 1 0 0 1 1 1 0 0 1 0 1 1 1 0 1 1 1
V
3 26 196 68
7 0 0 1 0 1 0 0 1 1 1 0 0 1 0 1 1 1 0 1 1 1
V
3 214 75 4
7 0 0 1 0 1 0 0 1 1 1 0 0 1 0 1 1 1 0 1 1 1
V
3 117 177 50
7 0 0 0 0 1 0 0 1 1 1 0 0 1 0 1 1 1 0 1 1 1
V
3 115 2 84
7 0 0 0 0 0 1 0 1 0 0 1 1 1 0 0 1 1 0 1 1 1
V
3 88 86 110
7 0 0 0 0 0 1 0 1 0 0 1 1 1 0 0 1 0 1 1 1 0
V
3 34 219 179
7 0 0 0 0 1 0 0 1 1 1 0 0 1 0 1 1 1 0 1 1 1
V
3 217 224 6
7 0 0 0 0 0 1 0 1 0 0 1 1 1 0 1 1 1 0 1 1 1
V
3 44 124 18
7 0 0 0 0 0 1 0 1 1 1 0 0 1 0 1 1 1 0 1 1 1
V
3 241 53 64
7 0 0 0 0 0 1 0 1 1 1 0 0 1 0 1 1 1 0 1 1 1
V
3 68 17 176
7 0 0 0 0 0 1 0 1 0 0 1 1 1 0 0 1 0 1 1 1 1
V
3 161 25 88
7 0 0 0 0 0 1 0 1 1 1 0 0 1 0 1 1 1 0 1 1 1
V
3 21 92 71
7 0 0 1 0 1 0 0 1 1 1 0 0 1 0 1 1 1 0 1 1 1
V
3 118 107 202
7 0 0 0 0 0 1 0 1 0 0 1 1 1 0 0 1 0 1 1 1 0
V
3 198 190 192
7 0 0 1 0 1 0 0 1 1 1 0 0 1 0 1 1 1 0 1 1 1
V
3 102 82 138
7 0 0 0 0 1 0 0 1 1 1 0 0 1 0 1 1 1 0 1 1 1
V
3 146 169 154
7 0 0 0 0 0 1 0 1 0 0 1 1 1 0 1 1 1 0 1 1 1
V
3 81 29 121
7 0 0 0 0 0 1 0 1 0 0 1 1 1 0 0 1 1 0 1 1 1
V
3 230 172 40
7 0 0 0 0 0 1 0 1 0 0 1 1 1 0 0 1 1 0 1 1 1
V
3 71 5 179
7 0 0 0 0 1 0 0 1 1 1 0 0 1 0 1 1 1 0 1 1 1
V
3 134 118 24
7 0 0 0 0 0 1 0 1 1 1 0 0 1 0 1 1 1 0 1 1 1
V
3 151 40 201
7 0 0 0 0 1 0 0 1 1 1 0 0 1 0 1 1 1 0 1 1 1
V
3 83 103 237
7 0 0 0 0 0 1 0 1 0 0 1 1 1 0 1 1 1 0 1 1 1
V
3 137 234 212
7 0 0 0 0 0 1 0 1 0 0 1 1 1 0 0 1 0 1 1 1 1
V
3 165 234 23
7 0 0 0 0 0 1 0 1 1 1 0 0 1 0 1 1 1 0 1 1 1
V
3 36 130 157
7 0 0 0 0 0 1 0 1 1 1 0 0 1 0 1 1 1 0 1 1 1
V
3 92 51 91
7 0 0 1 0 1 0 0 1 1 1 0 0 1 0 1 1 1 0 1 1 1
V
3 250 187 216
7 0 0 0 0 0 1 0 1 0 0 1 1 1 0 0 1 0 1 1 1 0
V
3 27 203 239
7 0 0 0 0 0 1 0 1 0 0 1 1 1 0 1 1 1 0 1 1 1
V
3 118 101 30
7 0 0 0 0 0 1 0 1 0 0 1 1 1 0 1 1 1 0 1 1 1
V
3 247 227 226
7 0 0 0 0 0 1 0 1 1 1 0 0 1 0 1 1 1 0 1 1 1
V
3 148 177 117
7 0 0 0 0 0 1 0 1 0 0 1 1 1 0 0 1 1 0 1 1 1
V
3 190 217 195
7 0 0 0 0 0 1 0 1 0 0 1 1 1 0 0 1 1 0 1 1 1
V
3 203 134 118
7 0 0 0 0 0 1 0 1 0 0 1 1 1 0 0 1 1 0 1 1 1
V
3 198 204 86
7 0 0 0 0 0 1 0 1 0 0 1 1 1 0 0 1 0 1 1 1 0
V
3 47 162 159
7 0 0 0 0 0 1 0 1 1 1 0 0 1 0 1 1 1 0 1 1 1
V
3 48 116 211
7 0 0 0 0 0 1 0 1 0 0 1 1 1 0 0 1 1 0 1 1 1
V
3 143 244 208
7 0 0 0 0 0 1 0 1 1 1 0 0 1 0 1 1 1 0 1 1 1
V
3 3 122 199
7 0 0 1 0 1 0 0 1 1 1 0 0 1 0 1 1 1 0 1 1 1
V
3 105 10 239
7 0 0 0 0 0 1 0 1 0 0 1 1 1 0 0 1 0 1 1 1 0
V
3 122 34 65
7 0 0 1 0 1 0 0 1 1 1 0 0 1 0 1 1 1 0 1 1 1
V
3 65 103 149
7 0 0 0 0 1 0 0 1 1 1 0 0 1 0 1 1 1 0 1 1 1
V
3 17 159 198
7 0 0 0 0 0 1 0 1 0 0 1 1 1 0 0 1 0 1 1 1 1
V
3 39 249 239
7 0 0 0 0 0 1 0 1 0 0 1 1 1 0 1 1 1 0 1 1 1
V
3 22 223 60
7 0 0 0 0 0 1 0 1 1 1 0 0 1 0 1 1 1 0 1 1 1
V
3 164 35 81
7 0 0 0 0 0 1 0 1 0 0 1 1 1 0 0 1 1 0 1 1 1
V
3 12 130 238
7 0 0 0 0 0 1 0 1 0 0 1 1 1 0 0 1 0 1 1 1 1
V
3 114 172 163
7 0 0 0 0 0 1 0 1 0 1 0 0 1 0 1 1 1 0 1 1 1
V
3 178 185 158
7 0 0 0 0 0 1 0 1 0 0 1 1 1 0 0 1 0 1 1 1 1
V
3 216 194 250
7 0 0 0 0 0 1 0 1 0 1 0 0 1 0 1 1 1 0 1 1 1
V
3 73 117 196
7 0 0 0 0 0 1 0 1 0 0 1 1 1 0 1 1 1 0 1 1 1
V
3 39 107 140
7 0 0 1 0 1 0 0 1 1 1 0 0 1 0 1 1 1 0 1 1 1
V
3 30 129 216
7 0 0 0 0 0 1 0 1 0 0 1 1 1 0 0 1 0 1 1 1 1
V
3 101 117 45
7 0 0 0 0 1 0 0 1 1 1 0 0 1 0 1 1 1 0 1 1 1
V
3 35 247 160
7 0 0 1 0 1 0 0 1 1 1 0 0 1 0 1 1 1 0 1 1 1
V
3 196 95 230
7 0 0 0 0 0 1 0 1 0 0 1 1 1 0 0 1 0 1 1 1 1
V
3 151 35 181
7 0 0 0 0 1 0 0 1 1 1 0 0 1 0 1 1 1 0 1 1 1
V
3 84 90 76
7 0 0 1 0 1 0 0 1 1 1 0 0 1 0 1 1 1 0 1 1 1
V
3 160 132 131
7 0 0 0 0 0 1 0 1 0 0 1 1 1 0 0 1 0 1 1 1 0
V
3 171 174 160
7 0 0 0 0 0 1 0 1 0 1 0 0 1 0 1 1 1 0 1 1 1
V
3 193 153 26
7 0 0 0 0 0 1 0 1 0 0 1 1 1 0 1 1 1 0 1 1 1
V
3 247 195 57
7 0 0 0 0 0 1 0 1 0 0 1 1 1 0 0 1 0 1 1 1 1
V
3 124 69 208
7 0 0 0 0 0 1 0 1 0 0 1 1 1 0 0 1 1 0 1 1 1
V
3 213 28 120
7 0 0 0 0 0 1 0 1 1 1 0 0 1 0 1 1 1 0 1 1 1
V
3 7 153 183
7 0 0 0 0 0 1 0 1 0 0 1 1 1 0 0 1 0 1 1 1 0
V
3 97 176 43
7 0 0 1 0 1 0 0 1 1 1 0 0 1 0 1 1 1 0 1 1 1
V
3 145 95 31
7 0 0 0 0 0 1 0 1 0 0 1 1 1 0 1 1 1 0 1 1 1
V
3 69 145 84
7 0 0 0 0 1 0 0 1 1 1 0 0 1 0 1 1 1 0 1 1 1
V
3 14 56 229
7 0 0 0 0 0 1 0 1 0 0 1 1 1 0 0 1 0 1 1 1 0
V
3 143 156 113
7 0 0 1 0 1 0 0 1 1 1 0 0 1 0 1 1 1 0 1 1 1
V
3 215 169 21
7 0 0 1 0 1 0 0 1 1 1 0 0 1 0 1 1 1 0 1 1 1
V
3 94 185 214
7 0 0 0 0 0 1 0 1 0 1 0 0 1 0 1 1 1 0 1 1 1
V
3 140 204 130
7 0 0 0 0 0 1 0 1 0 0 1 1 1 0 0 1 0 1 1 1 0
V
3 175 244 29
7 0 0 0 0 0 1 0 1 0 0 1 1 1 0 0 1 0 1 1 1 0
V
3 113 19 85
7 0 0 0 0 0 1 0 1 0 0 1 1 1 0 0 1 1 0 1 1 1
V
3 70 58 75
7 0 0 1 0 1 0 0 1 1 1 0 0 1 0 1 1 1 0 1 1 1
V
3 210 159 49
7 0 0 0 0 0 1 0 1 0 0 1 1 1 0 0 1 1 0 1 1 1
V
3 159 172 139
7 0 0 0 0 0 1 0 1 1 1 0 0 1 0 1 1 1 0 1 1 1
V
3 12 69 112
7 0 0 0 0 0 1 0 1 0 1 0 0 1 0 1 1 1 0 1 1 1
V
3 219 83 7
7 0 0 1 0 1 0 0 1 1 1 0 0 1 0 1 1 1 0 1 1 1
V
3 210 127 159
7 0 0 0 0 0 1 0 1 0 1 0 0 1 0 1 1 1 0 1 1 1
V
3 148 177 132
7 0 0 0 0 0 1 0 1 0 0 1 1 1 0 0 1 1 0 1 1 1
V
3 132 9 87
7 0 0 0 0 1 0 0 1 1 1 0 0 1 0 1 1 1 0 1 1 1
V
3 138 58 49
7 0 0 0 0 0 1 0 1 0 0 1 1 1 0 1 1 1 0 1 1 1
V
3 237 67 103
7 0 0 0 0 0 1 0 1 0 0 1 1 1 0 0 1 1 0 1 1 1
V
3 94 79 37
7 0 0 1 0 1 0 0 1 1 1 0 0 1 0 1 1 1 0 1 1 1
V
3 225 10 182
7 0 0 0 0 0 1 0 1 1 1 0 0 1 0 1 1 1 0 1 1 1
V
3 22 88 40
7 0 0 1 0 1 0 0 1 1 1 0 0 1 0 1 1 1 0 1 1 1
V
3 88 245 144
7 0 0 0 0 0 1 0 1 0 0 1 1 1 0 0 1 0 1 1 1 0
V
3 157 230 58
7 0 0 0 0 0 1 0 1 0 1 0 0 1 0 1 1 1 0 1 1 1
V
3 170 67 5
7 0 0 0 0 0 1 0 1 0 0 1 1 1 0 1 1 1 0 1 1 1
V
3 211 43 126
7 0 0 0 0 0 1 0 1 0 0 1 1 1 0 0 1 0 1 1 1 1
V
3 173 172 170
7 0 0 0 0 0 1 0 1 0 0 1 1 1 0 1 1 1 0 1 1 1
V
3 48 117 21
7 0 0 0 0 0 1 0 1 0 0 1 1 1 0 1 1 1 0 1 1 1
V
3 182 160 243
7 0 0 0 0 0 1 0 1 0 0 1 1 1 0 0 1 0 1 1 1 0
V
3 166 88 32
7 0 0 0 0 0 1 0 1 0 0 1 1 1 0 1 1 1 0 1 1 1
V
3 36 5 143
7 0 0 0 0 0 1 0 1 0 0 1 1 1 0 0 1 0 1 1 1 1
V
3 244 69 214
7 0 0 0 0 0 1 0 1 0 0 1 1 1 0 0 1 1 0 1 1 1
V
3 189 79 108
7 0 0 0 0 0 1 0 1 0 0 1 1 1 0 1 1 1 0 1 1 1
V
3 222 201 20
7 0 0 0 0 0 1 0 1 0 0 1 1 1 0 0 1 0 1 1 1 0
V
3 179 106 27
7 0 0 0 0 0 1 0 1 0 0 1 1 1 0 1 1 1 0 1 1 1
V
3 60 61 75
7 0 0 0 0 0 1 0 1 0 0 1 1 1 0 0 1 0 1 1 1 0
V
3 245 216 39
7 0 0 0 0 0 1 0 1 0 0 1 1 1 0 0 1 0 1 1 1 1
V
3 199 66 148
7 0 0 0 0 1 0 0 1 1 1 0 0 1 0 1 1 1 0 1 1 1
V
3 168 246 118
7 0 0 0 0 0 1 0 1 0 0 1 1 1 0 0 1 0 1 1 1 1
V
3 126 139 163
7 0 0 0 0 0 1 0 1 0 0 1 1 1 0 0 1 1 0 1 1 1
V
3 223 159 249
7 0 0 0 0 1 0 0 1 1 1 0 0 1 0 1 1 1 0 1 1 1
V
3 17 105 186
7 0 0 1 0 1 0 0 1 1 1 0 0 1 0 1 1 1 0 1 1 1
V
3 126 11 130
7 0 0 0 0 1 0 0 1 1 1 0 0 1 0 1 1 1 0 1 1 1
V
3 191 235 150
7 0 0 0 0 0 1 0 1 1 1 0 0 1 0 1 1 1 0 1 1 1
V
3 116 48 247
7 0 0 0 0 0 1 0 1 1 1 0 0 1 0 1 1 1 0 1 1 1
V
3 217 172 4
7 0 0 0 0 0 1 0 1 0 0 1 1 1 0 0 1 0 1 1 1 1
V
3 186 236 218
7 0 0 1 0 1 0 0 1 1 1 0 0 1 0 1 1 1 0 1 1 1
V
3 186 167 41
7 0 0 0 0 0 1 0 1 1 1 0 0 1 0 1 1 1 0 1 1 1
V
3 218 130 93
7 0 0 0 0 0 1 0 1 1 1 0 0 1 0 1 1 1 0 1 1 1
V
3 226 54 62
7 0 0 0 0 0 1 0 1 0 0 1 1 1 0 1 1 1 0 1 1 1
V
3 67 49 183
7 0 0 0 0 1 0 0 1 1 1 0 0 1 0 1 1 1 0 1 1 1
V
3 183 200 137
7 0 0 0 0 0 1 0 1 0 0 1 1 1 0 0 1 1 0 1 1 1
V
3 181 7 95
7 0 0 0 0 0 1 0 1 0 0 1 1 1 0 1 1 1 0 1 1 1
V
3 79 39 164
7 0 0 0 0 0 1 0 1 0 0 1 1 1 0 0 1 0 1 1 1 1
V
3 186 131 155
7 0 0 0 0 0 1 0 1 0 0 1 1 1 0 0 1 1 0 1 1 1
V
3 8 169 36
7 0 0 0 0 0 1 0 1 0 0 1 1 1 0 0 1 0 1 1 1 1
V
3 92 171 249
7 0 0 0 0 0 1 0 1 0 0 1 1 1 0 1 1 1 0 1 1 1
V
3 156 2 77
7 0 0 0 0 0 1 0 1 0 0 1 1 1 0 0 1 0 1 1 1 0
V
3 34 51 186
7 0 0 0 0 0 1 0 1 0 0 1 1 1 0 0 1 0 1 1 1 1
V
3 49 157 221
7 0 0 0 0 0 1 0 1 0 0 1 1 1 0 0 1 0 1 1 1 1
V
3 191 162 241
7 0 0 0 0 0 1 0 1 0 0 1 1 1 0 0 1 1 0 1 1 1
V
3 26 194 150
7 0 0 0 0 0 1 0 1 0 1 0 0 1 0 1 1 1 0 1 1 1
V
3 95 78 223
7 0 0 0 0 0 1 0 1 0 0 1 1 1 0 0 1 1 0 1 1 1
V
3 69 111 246
7 0 0 0 0 1 0 0 1 1 1 0 0 1 0 1 1 1 0 1 1 1
V
3 95 106 123
7 0 0 1 0 1 0 0 1 1 1 0 0 1 0 1 1 1 0 1 1 1
V
3 138 1 188
7 0 0 0 0 0 1 0 1 0 0 1 1 1 0 0 1 0 1 1 1 1
V
3 108 2 234
7 0 0 0 0 1 0 0 1 1 1 0 0 1 0 1 1 1 0 1 1 1
V
3 229 121 233
7 0 0 0 0 0 1 0 1 0 0 1 1 1 0 1 1 1 0 1 1 1
V
3 147 110 170
7 0 0 0 0 0 1 0 1 0 0 1 1 1 0 0 1 1 0 1 1 1
V
3 108 209 83
7 0 0 0 0 0 1 0 1 0 0 1 1 1 0 0 1 1 0 1 1 1
V
3 7 162 142
7 0 0 0 0 0 1 0 1 0 0 1 1 1 0 1 1 1 0 1 1 1
V
3 234 149 121
7 0 0 0 0 0 1 0 1 0 0 1 1 1 0 0 1 0 1 1 1 0
V
3 122 135 18
7 0 0 1 0 1 0 0 1 1 1 0 0 1 0 1 1 1 0 1 1 1
V
3 163 233 169
7 0 0 1 0 1 0 0 1 1 1 0 0 1 0 1 1 1 0 1 1 1
V
3 59 232 241
7 0 0 0 0 0 1 0 1 0 0 1 1 1 0 0 1 0 1 1 1 1
V
3 33 220 176
7 0 0 0 0 0 1 0 1 0 0 1 1 1 0 0 1 0 1 1 1 0
V
3 43 147 115
7 0 0 0 0 0 1 0 1 0 0 1 1 1 0 1 1 1 0 1 1 1
V
3 60 236 156
7 0 0 0 0 1 0 0 1 1 1 0 0 1 0 1 1 1 0 1 1 1
V
3 136 3 225
7 0 0 1 0 1 0 0 1 1 1 0 0 1 0 1 1 1 0 1 1 1
V
3 87 143 80
7 0 0 1 0 1 0 0 1 1 1 0 0 1 0 1 1 1 0 1 1 1
V
3 91 66 11
7 0 0 0 0 0 1 0 1 0 1 0 0 1 0 1 1 1 0 1 1 1
V
3 233 33 72
7 0 0 0 0 0 1 0 1 0 1 0 0 1 0 1 1 1 0 1 1 1
V
3 117 5 171
7 0 0 1 0 1 0 0 1 1 1 0 0 1 0 1 1 1 0 1 1 1
V
3 15 217 13
7 0 0 0 0 0 1 0 1 0 0 1 1 1 0 1 1 1 0 1 1 1
V
3 87 107 241
7 0 0 0 0 0 1 0 1 0 0 1 1 1 0 0 1 0 1 1 1 1
V
3 208 24 90
7 0 0 0 0 0 1 0 1 0 0 1 1 1 0 1 1 1 0 1 1 1
V
3 143 22 111
7 0 0 0 0 0 1 0 1 0 0 1 1 1 0 1 1 1 0 1 1 1
V
3 149 235 61
7 0 0 0 0 1 0 0 1 1 1 0 0 1 0 1 1 1 0 1 1 1
V
3 80 22 108
7 0 0 0 0 1 0 0 1 1 1 0 0 1 0 1 1 1 0 1 1 1
V
3 191 96 235
7 0 0 0 0 0 1 0 1 0 0 1 1 1 0 0 1 1 0 1 1 1
V
3 205 220 191
7 0 0 0 0 0 1 0 1 0 1 0 0 1 0 1 1 1 0 1 1 1
V
3 123 82 2
7 0 0 0 0 0 1 0 1 0 0 1 1 1 0 1 1 1 0 1 1 1
V
3 40 195 104
7 0 0 1 0 1 0 0 1 1 1 0 0 1 0 1 1 1 0 1 1 1
V
3 242 95 133
7 0 0 0 0 0 1 0 1 0 1 0 0 1 0 1 1 1 0 1 1 1
V
3 228 128 238
7 0 0 0 0 0 1 0 1 0 0 1 1 1 0 0 1 1 0 1 1 1
V
3 129 14 220
7 0 0 0 0 1 0 0 1 1 1 0 0 1 0 1 1 1 0 1 1 1
V
3 50 180 241
7 0 0 0 0 0 1 0 1 1 1 0 0 1 0 1 1 1 0 1 1 1
V
3 170 203 231
7 0 0 0 0 1 0 0 1 1 1 0 0 1 0 1 1 1 0 1 1 1
V
3 135 44 90
7 0 0 0 0 0 1 0 1 1 1 0 0 1 0 1 1 1 0 1 1 1
V
3 158 120 154
7 0 0 0 0 0 1 0 1 0 0 1 1 1 0 0 1 1 0 1 1 1
V
3 145 211 226
7 0 0 1 0 1 0 0 1 1 1 0 0 1 0 1 1 1 0 1 1 1
V
3 23 80 213
7 0 0 0 0 0 1 0 1 0 1 0 0 1 0 1 1 1 0 1 1 1
V
3 49 80 29
7 0 0 0 0 0 1 0 1 1 1 0 0 1 0 1 1 1 0 1 1 1
V
3 207 176 113
7 0 0 0 0 0 1 0 1 0 0 1 1 1 0 0 1 1 0 1 1 1
V
3 130 188 44
7 0 0 1 0 1 0 0 1 1 1 0 0 1 0 1 1 1 0 1 1 1
V
3 170 229 232
7 0 0 1 0 1 0 0 1 1 1 0 0 1 0 1 1 1 0 1 1 1
V
3 56 88 228
7 0 0 0 0 0 1 0 1 1 1 0 0 1 0 1 1 1 0 1 1 1
V
3 117 17 184
7 0 0 0 0 0 1 0 1 0 0 1 1 1 0 1 1 1 0 1 1 1
V
3 169 45 241
7 0 0 1 0 1 0 0 1 1 1 0 0 1 0 1 1 1 0 1 1 1
V
3 171 148 246
7 0 0 0 0 0 1 0 1 0 0 1 1 1 0 0 1 0 1 1 1 1
V
3 220 92 243
7 0 0 0 0 0 1 0 1 0 0 1 1 1 0 0 1 0 1 1 1 1
V
3 216 181 90
7 0 0 0 0 0 1 0 1 0 0 1 1 1 0 0 1 0 1 1 1 1
V
3 47 115 74
7 0 0 0 0 0 1 0 1 0 0 1 1 1 0 0 1 1 0 1 1 1
V
3 45 178 208
7 0 0 0 0 0 1 0 1 0 1 0 0 1 0 1 1 1 0 1 1 1
V
3 93 131 123
7 0 0 1 0 1 0 0 1 1 1 0 0 1 0 1 1 1 0 1 1 1
V
3 102 65 137
7 0 0 1 0 1 0 0 1 1 1 0 0 1 0 1 1 1 0 1 1 1
V
3 97 231 192
7 0 0 0 0 0 1 0 1 0 0 1 1 1 0 0 1 0 1 1 1 0
V
3 244 220 56
7 0 0 0 0 0 1 0 1 1 1 0 0 1 0 1 1 1 0 1 1 1
V
3 230 244 243
7 0 0 0 0 0 1 0 1 0 0 1 1 1 0 0 1 1 0 1 1 1
V
3 163 122 83
7 0 0 0 0 0 1 0 1 0 1 0 0 1 0 1 1 1 0 1 1 1
V
3 79 61 241
7 0 0 0 0 0 1 0 1 0 0 1 1 1 0 0 1 0 1 1 1 1
V
3 226 2 237
7 0 0 0 0 0 1 0 1 0 0 1 1 1 0 0 1 0 1 1 1 0
V
3 109 182 131
7 0 0 0 0 0 1 0 1 0 0 1 1 1 0 0 1 0 1 1 1 1
V
3 229 74 222
7 0 0 0 0 0 1 0 1 0 0 1 1 1 0 0 1 1 0 1 1 1
V
3 78 224 7
7 0 0 0 0 0 1 0 1 0 1 0 0 1 0 1 1 1 0 1 1 1
V
3 191 243 175
7 0 0 0 0 0 1 0 1 0 0 1 1 1 0 0 1 0 1 1 1 0
V
3 131 150 168
7 0 0 1 0 1 0 0 1 1 1 0 0 1 0 1 1 1 0 1 1 1
V
3 158 18 208
7 0 0 1 0 1 0 0 1 1 1 0 0 1 0 1 1 1 0 1 1 1
V
3 50 245 112
7 0 0 0 0 0 1 0 1 0 1 0 0 1 0 1 1 1 0 1 1 1
V
3 196 238 188
7 0 0 0 0 0 1 0 1 0 0 1 1 1 0 1 1 1 0 1 1 1
V
3 136 40 112
7 0 0 0 0 0 1 0 1 1 1 0 0 1 0 1 1 1 0 1 1 1
V
3 241 76 159
7 0 0 0 0 0 1 0 1 0 0 1 1 1 0 0 1 1 0 1 1 1
V
3 236 31 14
7 0 0 0 0 0 1 0 1 0 0 1 1 1 0 1 1 1 0 1 1 1
V
3 232 152 24
7 0 0 0 0 0 1 0 1 0 1 0 0 1 0 1 1 1 0 1 1 1
V
3 58 119 172
7 0 0 0 0 0 1 0 1 0 0 1 1 1 0 1 1 1 0 1 1 1
V
3 114 206 60
7 0 0 0 0 0 1 0 1 0 0 1 1 1 0 1 1 1 0 1 1 1
V
3 236 7 80
7 0 0 0 0 0 1 0 1 0 0 1 1 1 0 0 1 0 1 1 1 0
V
3 140 150 235
7 0 0 0 0 0 1 0 1 0 0 1 1 1 0 1 1 1 0 1 1 1
V
3 182 75 238
7 0 0 0 0 0 1 0 1 0 0 1 1 1 0 0 1 0 1 1 1 0
V
3 140 226 28
7 0 0 0 0 0 1 0 1 1 1 0 0 1 0 1 1 1 0 1 1 1
V
3 81 84 54
7 0 0 0 0 0 1 0 1 0 0 1 1 1 0 1 1 1 0 1 1 1
V
3 146 45 75
7 0 0 0 0 0 1 0 1 0 0 1 1 1 0 0 1 0 1 1 1 0
V
3 179 79 139
7 0 0 0 0 0 1 0 1 0 0 1 1 1 0 0 1 0 1 1 1 0
V
3 249 163 57
7 0 0 0 0 0 1 0 1 0 0 1 1 1 0 0 1 1 0 1 1 1
V
3 146 8 201
7 0 0 0 0 0 1 0 1 0 0 1 1 1 0 0 1 1 0 1 1 1
V
3 22 150 4
7 0 0 1 0 1 0 0 1 1 1 0 0 1 0 1 1 1 0 1 1 1
V
3 144 186 109
7 0 0 0 0 0 1 0 1 0 0 1 1 1 0 0 1 0 1 1 1 1
V
3 208 89 126
7 0 0 1 0 1 0 0 1 1 1 0 0 1 0 1 1 1 0 1 1 1
V
3 79 250 19
7 0 0 0 0 0 1 0 1 0 0 1 1 1 0 0 1 0 1 1 1 0
V
3 111 131 145
7 0 0 0 0 1 0 0 1 1 1 0 0 1 0 1 1 1 0 1 1 1
V
3 231 75 112
7 0 0 0 0 0 1 0 1 0 0 1 1 1 0 0 1 0 1 1 1 0
V
3 48 44 87
7 0 0 0 0 0 1 0 1 0 0 1 1 1 0 0 1 1 0 1 1 1
V
3 203 221 86
7 0 0 1 0 1 0 0 1 1 1 0 0 1 0 1 1 1 0 1 1 1
V
3 184 146 86
7 0 0 0 0 0 1 0 1 0 0 1 1 1 0 1 1 1 0 1 1 1
V
3 89 142 201
7 0 0 0 0 0 1 0 1 0 0 1 1 1 0 0 1 0 1 1 1 1
V
3 196 184 79
7 0 0 0 0 0 1 0 1 0 1 0 0 1 0 1 1 1 0 1 1 1
V
3 209 216 22
7 0 0 1 0 1 0 0 1 1 1 0 0 1 0 1 1 1 0 1 1 1
V
3 43 74 5
7 0 0 0 0 0 1 0 1 0 0 1 1 1 0 0 1 0 1 1 1 1
V
3 214 86 218
7 0 0 0 0 1 0 0 1 1 1 0 0 1 0 1 1 1 0 1 1 1
V
3 119 127 140
7 0 0 1 0 1 0 0 1 1 1 0 0 1 0 1 1 1 0 1 1 1
V
3 73 55 25
7 0 0 0 0 0 1 0 1 0 0 1 1 1 0 0 1 1 0 1 1 1
V
3 130 71 158
7 0 0 0 0 0 1 0 1 0 0 1 1 1 0 1 1 1 0 1 1 1
V
3 186 159 103
7 0 0 0 0 0 1 0 1 0 0 1 1 1 0 1 1 1 0 1 1 1
V
3 13 250 90
7 0 0 0 0 0 1 0 1 0 0 1 1 1 0 0 1 1 0 1 1 1
V
3 228 168 4
7 0 0 0 0 0 1 0 1 1 1 0 0 1 0 1 1 1 0 1 1 1
V
3 209 60 167
7 0 0 0 0 0 1 0 1 0 0 1 1 1 0 0 1 0 1 1 1 1
V
3 176 90 99
7 0 0 0 0 0 1 0 1 0 1 0 0 1 0 1 1 1 0 1 1 1
V
3 112 177 122
7 0 0 0 0 0 1 0 1 0 0 1 1 1 0 0 1 1 0 1 1 1
V
3 218 129 158
7 0 0 0 0 1 0 0 1 1 1 0 0 1 0 1 1 1 0 1 1 1
V
3 184 86 125
7 0 0 0 0 0 1 0 1 0 0 1 1 1 0 0 1 0 1 1 1 1
V
3 49 161 170
7 0 0 0 0 0 1 0 1 0 0 1 1 1 0 0 1 0 1 1 1 0
V
3 244 69 220
7 0 0 0 0 0 1 0 1 0 1 0 0 1 0 1 1 1 0 1 1 1
V
3 56 13 136
7 0 0 0 0 0 1 0 1 0 0 1 1 1 0 0 1 0 1 1 1 1
V
3 86 194 132
7 0 0 0 0 0 1 0 1 0 0 1 1 1 0 0 1 0 1 1 1 0
V
3 199 184 74
7 0 0 1 0 1 0 0 1 1 1 0 0 1 0 1 1 1 0 1 1 1
V
3 184 169 186
7 0 0 0 0 0 1 0 1 1 1 0 0 1 0 1 1 1 0 1 1 1
V
3 234 129 148
7 0 0 0 0 0 1 0 1 0 0 1 1 1 0 0 1 0 1 1 1 1
V
3 162 26 62
7 0 0 0 0 0 1 0 1 1 1 0 0 1 0 1 1 1 0 1 1 1
V
3 50 38 231
7 0 0 0 0 0 1 0 1 0 0 1 1 1 0 0 1 1 0 1 1 1
V
3 170 230 165
7 0 0 0 0 0 1 0 1 0 0 1 1 1 0 1 1 1 0 1 1 1
V
3 19 237 204
7 0 0 0 0 0 1 0 1 0 0 1 1 1 0 1 1 1 0 1 1 1
V
3 34 73 216
7 0 0 0 0 0 1 0 1 0 0 1 1 1 0 0 1 1 0 1 1 1
V
3 230 187 211
7 0 0 0 0 0 1 0 1 0 1 0 0 1 0 1 1 1 0 1 1 1
V
3 79 33 202
7 0 0 0 0 0 1 0 1 0 1 0 0 1 0 1 1 1 0 1 1 1
V
3 40 134 212
7 0 0 0 0 0 1 0 1 0 0 1 1 1 0 0 1 0 1 1 1 1
V
3 239 146 250
7 0 0 0 0 0 1 0 1 0 0 1 1 1 0 1 1 1 0 1 1 1
